Iteration	Posterior	Likelihood	Prior	diversification	logSigma	sigma	speciation
0	-13235.44	-12820.65	-414.791	1.14663	0.8945022	7.843361	1.14663
10	3835.606	4247.205	-411.5986	1.14663	-0.7136989	0.1933308	1.14663
20	-4328.853	-3920.708	-408.1449	1.14663	0.1358341	1.367207	1.14663
30	-1154.176	-749.146	-405.0304	1.14663	-1.034061	0.09245685	1.14663
40	3817.905	4221.704	-403.799	1.14663	-0.6297544	0.2345555	1.14663
50	-5487.687	-5082.703	-404.984	1.14663	0.2739835	1.879245	1.14663
60	324.2485	729.3694	-405.1209	1.14663	-0.2464897	0.566905	1.14663
70	4099.707	4506.069	-406.3618	1.14663	-0.907653	0.1236935	1.14663
80	-7015.353	-6606.256	-409.0974	1.14663	0.3940043	2.477447	1.14663
90	6161.566	6572.997	-411.4307	1.14663	-0.9403558	0.1147213	1.14663
100	-1235.97	-826.2785	-409.6915	1.14663	-0.1156992	0.7661271	1.14663
110	1812.807	2224.608	-411.8003	1.14663	-0.4130114	0.3863569	1.14663
120	4284.316	4695.406	-411.0904	1.14663	-0.8997581	0.1259627	1.14663
130	-8154.855	-7744.699	-410.1569	1.14663	0.4903689	3.092922	1.14663
140	4783.975	5196.674	-412.699	1.14663	-0.7173312	0.1917206	1.14663
150	1490.723	1902.207	-411.4836	1.14663	-0.379892	0.4169731	1.14663
160	1414.586	1822.302	-407.7152	1.14663	-1.22683	0.0593157	1.14663
170	-2056.966	-1643.558	-413.4075	1.14663	-0.08110171	0.8296564	1.14663
180	3670.418	4082.872	-412.4545	1.14663	-1.204355	0.06246624	1.14663
190	4411.451	4825.76	-414.3088	1.14663	-1.200133	0.0630764	1.14663
200	3502.986	3916.999	-414.0136	1.14663	-0.6026768	0.2496452	1.14663
210	6195.705	6606.979	-411.2738	1.14663	-0.9164305	0.1212187	1.14663
220	-1117.261	-706.6734	-410.5876	1.14663	-0.1486166	0.7102044	1.14663
230	488.2729	898.3514	-410.0785	1.14663	-0.3050443	0.4953997	1.14663
240	714.4111	1124.483	-410.0714	1.14663	-0.3157816	0.4833017	1.14663
250	-2067.479	-1656.312	-411.1669	1.14663	-0.4733534	0.3362379	1.14663
260	1489.562	1899.056	-409.4943	1.14663	-0.3840304	0.4130186	1.14663
270	4876.683	5290.584	-413.9009	1.14663	-0.7609262	0.1734099	1.14663
280	5658.249	6071.632	-413.383	1.14663	-0.9237082	0.1192043	1.14663
290	-6236.191	-5821.184	-415.0071	1.14663	-1.153924	0.07015773	1.14663
300	2910.225	3324.503	-414.2773	1.14663	-0.6446067	0.2266696	1.14663
310	-4930.795	-4520.093	-410.7019	1.14663	0.2102235	1.622645	1.14663
320	4246.599	4659.156	-412.5566	1.14663	-0.770505	0.169627	1.14663
330	-4070.994	-3657.847	-413.1468	1.14663	0.1151409	1.30359	1.14663
340	3035.676	3446.558	-410.882	1.14663	-0.5834378	0.2609529	1.14663
350	1060.613	1474.135	-413.5229	1.14663	-0.4664197	0.3416491	1.14663
360	-1760.028	-1344.988	-415.0397	1.14663	-0.1078017	0.7801862	1.14663
370	-7624.161	-7209.02	-415.1407	1.14663	0.4176108	2.615838	1.14663
380	4733.027	5149.681	-416.6541	1.14663	-0.7337031	0.1846277	1.14663
390	-3353.822	-2939.869	-413.9526	1.14663	0.03470125	1.083182	1.14663
400	5246.656	5660.945	-414.289	1.14663	-1.029566	0.09341877	1.14663
410	2500.978	2917.443	-416.4649	1.14663	-0.5028317	0.3141726	1.14663
420	4229.683	4642.071	-412.3883	1.14663	-0.7421624	0.1810663	1.14663
430	4254.989	4667.821	-412.8324	1.14663	-0.708355	0.1957244	1.14663
440	2870.683	3281.224	-410.5407	1.14663	-1.283509	0.05205847	1.14663
450	4448.225	4863.527	-415.3021	1.14663	-0.6944676	0.2020842	1.14663
460	2737.876	3153.733	-415.8578	1.14663	-0.5226094	0.3001861	1.14663
470	373.0196	788.8937	-415.8741	1.14663	-1.434864	0.03673974	1.14663
480	-7588.165	-7174.534	-413.6309	1.14663	0.408594	2.562088	1.14663
490	-7861.087	-7448.07	-413.0171	1.14663	0.443176	2.774444	1.14663
500	-2533.64	-2118.291	-415.3496	1.14663	-0.03222495	0.9284853	1.14663
510	-2779.534	-2364.505	-415.0287	1.14663	-0.8849666	0.1303267	1.14663
520	1694.444	2106.675	-412.2306	1.14663	-0.6353763	0.2315388	1.14663
530	-161.8886	251.7755	-413.6641	1.14663	-0.2465792	0.5667882	1.14663
540	-4954.586	-4544.773	-409.8131	1.14663	0.2161064	1.644775	1.14663
550	3150.534	3561.114	-410.58	1.14663	-0.5337135	0.2926082	1.14663
560	2997.585	3407.538	-409.953	1.14663	-0.5019064	0.3148427	1.14663
570	659.0826	1069.626	-410.5429	1.14663	-1.236779	0.05797234	1.14663
580	5293.765	5700.831	-407.0667	1.14663	-0.8296752	0.1480215	1.14663
590	-441.8516	-28.56301	-413.2886	1.14663	-0.1933861	0.6406397	1.14663
600	2913.809	3328.385	-414.5757	1.14663	-0.5549575	0.2786394	1.14663
610	-3832.503	-3420.13	-412.3729	1.14663	0.1051041	1.273808	1.14663
620	1380.802	1790.282	-409.48	1.14663	-0.3668753	0.4296598	1.14663
630	-2703.724	-2292.042	-411.6815	1.14663	-0.01487338	0.9663326	1.14663
640	5759.474	6172.036	-412.5622	1.14663	-1.024827	0.09444366	1.14663
650	-12760.63	-12342.3	-418.333	1.14663	0.8637716	7.307547	1.14663
660	4431.644	4844.086	-412.4414	1.14663	-0.7354622	0.1838814	1.14663
670	-570.4363	-158.165	-412.2714	1.14663	-0.1716997	0.6734421	1.14663
680	3784.137	4195.596	-411.459	1.14663	-0.9547695	0.1109764	1.14663
690	-1280.379	-869.9843	-410.3948	1.14663	-0.1038002	0.787408	1.14663
700	-3270.378	-2858.316	-412.0616	1.14663	0.05801848	1.142927	1.14663
710	2491.564	2900.778	-409.2141	1.14663	-0.4665673	0.341533	1.14663
720	3795.163	4202.198	-407.0352	1.14663	-0.6098266	0.2455689	1.14663
730	-10510.48	-10097.93	-412.5496	1.14663	0.6639631	4.612784	1.14663
740	-3033.757	-2624.306	-409.4506	1.14663	0.0230293	1.054458	1.14663
750	3389.403	3799.767	-410.364	1.14663	-0.5733542	0.2670827	1.14663
760	2423.279	2833.424	-410.1457	1.14663	-0.4733947	0.3362059	1.14663
770	4519.57	4932.239	-412.6694	1.14663	-0.7030965	0.1981087	1.14663
780	5781.059	6193.651	-412.5917	1.14663	-1.130812	0.07399259	1.14663
790	2526.882	2940.84	-413.9582	1.14663	-0.504633	0.3128722	1.14663
800	1001.301	1414.438	-413.1368	1.14663	-0.3564259	0.440123	1.14663
810	5479.145	5892.625	-413.4807	1.14663	-1.129086	0.07428722	1.14663
820	147.2548	562.4394	-415.1846	1.14663	-0.2693467	0.5378403	1.14663
830	-582.4302	-167.6323	-414.7979	1.14663	-0.2042445	0.6248208	1.14663
840	2333.332	2745.619	-412.2868	1.14663	-1.14784	0.07114751	1.14663
850	4179.755	4589.585	-409.8292	1.14663	-0.7960678	0.1599308	1.14663
860	3257.408	3665.028	-407.6198	1.14663	-0.5322087	0.2936238	1.14663
870	3955.102	4362.984	-407.8818	1.14663	-0.7691144	0.170171	1.14663
880	-9790.211	-9378.564	-411.647	1.14663	0.6084199	4.059007	1.14663
890	-2053.68	-1638.863	-414.8165	1.14663	-0.07171827	0.8477772	1.14663
900	4221.202	4638.392	-417.19	1.14663	-1.285945	0.05176721	1.14663
910	-1723.888	-1310.247	-413.6412	1.14663	-0.1070952	0.7814564	1.14663
920	1326.92	1738.668	-411.7474	1.14663	-0.3781104	0.4186872	1.14663
930	-2624.726	-2214.204	-410.5219	1.14663	-0.01314608	0.9701836	1.14663
940	-6081.838	-5675.761	-406.0771	1.14663	0.3254438	2.11565	1.14663
950	4540.564	4951.466	-410.9023	1.14663	-1.115058	0.07672598	1.14663
960	4428.141	4841.241	-413.1004	1.14663	-0.721208	0.1900168	1.14663
970	3653.741	4063.562	-409.8201	1.14663	-0.6284717	0.2352493	1.14663
980	4651.972	5061.883	-409.9118	1.14663	-0.6937749	0.2024068	1.14663
990	-4924.627	-4513.463	-411.164	1.14663	0.1806796	1.515931	1.14663
1000	5465.62	5877.234	-411.6146	1.14663	-0.7996739	0.1586084	1.14663
