Iteration	Posterior	Likelihood	Prior	diversification	logSigma	sigma	speciation
0	13255.63	13631.87	-376.2402	1.14663	-1.380965	0.04159444	1.14663
10	13241.32	13618.16	-376.8418	1.14663	-1.398915	0.03991034	1.14663
20	13250.7	13627.88	-377.1878	1.14663	-1.385268	0.04118435	1.14663
30	13244.62	13621.68	-377.0583	1.14663	-1.393725	0.04039013	1.14663
40	13253.54	13630.25	-376.7112	1.14663	-1.383357	0.04136593	1.14663
50	13231.96	13608.25	-376.2859	1.14663	-1.38065	0.04162461	1.14663
60	13244.2	13620.43	-376.2297	1.14663	-1.384986	0.04121107	1.14663
70	13233.84	13610.83	-376.9863	1.14663	-1.38695	0.04102512	1.14663
80	13254.07	13630.33	-376.2566	1.14663	-1.387424	0.0409804	1.14663
90	13249.11	13625.03	-375.9157	1.14663	-1.386416	0.04107558	1.14663
100	13258.06	13633.7	-375.6371	1.14663	-1.387136	0.04100754	1.14663
110	13237.48	13613.44	-375.9617	1.14663	-1.383317	0.0413698	1.14663
120	13250.22	13626.14	-375.9177	1.14663	-1.384067	0.0412984	1.14663
130	13256.44	13632.88	-376.4334	1.14663	-1.391599	0.04058836	1.14663
140	13244.25	13621.35	-377.1051	1.14663	-1.398878	0.03991374	1.14663
150	13254.03	13630.93	-376.8981	1.14663	-1.400484	0.03976635	1.14663
160	13224.6	13601.28	-376.6802	1.14663	-1.404071	0.0394393	1.14663
170	13225.82	13602.37	-376.5493	1.14663	-1.39198	0.04055269	1.14663
180	13209.66	13587.31	-377.6558	1.14663	-1.400786	0.03973874	1.14663
190	13239.16	13615.79	-376.6284	1.14663	-1.387399	0.04098271	1.14663
200	13223.53	13600.17	-376.638	1.14663	-1.388578	0.04087166	1.14663
210	13235.58	13611.63	-376.0506	1.14663	-1.395704	0.04020646	1.14663
220	13228.58	13604.76	-376.1811	1.14663	-1.393637	0.04039826	1.14663
230	13236.34	13612.07	-375.7255	1.14663	-1.377522	0.04192548	1.14663
240	13249.04	13624.42	-375.3749	1.14663	-1.373279	0.0423371	1.14663
250	13247.52	13623.14	-375.623	1.14663	-1.377568	0.04192099	1.14663
260	13247.67	13623.24	-375.5725	1.14663	-1.378518	0.04182944	1.14663
270	13259.92	13634.85	-374.9274	1.14663	-1.375761	0.04209583	1.14663
280	13246.59	13621.8	-375.2083	1.14663	-1.37527	0.04214344	1.14663
290	13238.91	13614.14	-375.2325	1.14663	-1.385886	0.04112573	1.14663
300	13263.66	13638.62	-374.9573	1.14663	-1.375165	0.04215362	1.14663
310	13257.16	13631.96	-374.8013	1.14663	-1.380651	0.04162451	1.14663
320	13265.36	13640.71	-375.3451	1.14663	-1.37895	0.04178788	1.14663
330	13239.49	13614.93	-375.44	1.14663	-1.374991	0.04217051	1.14663
340	13257.06	13632.11	-375.0512	1.14663	-1.372075	0.04245458	1.14663
350	13243.54	13618.44	-374.9051	1.14663	-1.376116	0.04206144	1.14663
360	13244.95	13619.82	-374.8705	1.14663	-1.373373	0.04232789	1.14663
370	13246.09	13621.24	-375.1462	1.14663	-1.383654	0.04133766	1.14663
380	13270.67	13646.48	-375.808	1.14663	-1.380762	0.0416139	1.14663
390	13256.93	13632.71	-375.7821	1.14663	-1.378692	0.04181269	1.14663
400	13242.88	13619.51	-376.6301	1.14663	-1.391859	0.04056405	1.14663
410	13234.17	13611.24	-377.0727	1.14663	-1.396036	0.04017571	1.14663
420	13246.95	13623.7	-376.7567	1.14663	-1.39754	0.04003683	1.14663
430	13232.52	13609.1	-376.5782	1.14663	-1.37582	0.04209008	1.14663
440	13243.7	13619.57	-375.8676	1.14663	-1.381153	0.04157646	1.14663
450	13254.28	13630.7	-376.4236	1.14663	-1.384766	0.041232	1.14663
460	13266.3	13642.52	-376.2189	1.14663	-1.389614	0.04077424	1.14663
470	13285.82	13662.13	-376.3103	1.14663	-1.382416	0.04145569	1.14663
480	13290.63	13666.97	-376.3367	1.14663	-1.377137	0.04196269	1.14663
490	13269.12	13645.43	-376.3099	1.14663	-1.405516	0.03930826	1.14663
500	13273.78	13649.54	-375.7641	1.14663	-1.379984	0.04168846	1.14663
510	13278.04	13653.8	-375.7593	1.14663	-1.380835	0.04160684	1.14663
520	13269.31	13645.36	-376.0532	1.14663	-1.379146	0.04176898	1.14663
530	13245.45	13621.29	-375.8389	1.14663	-1.370982	0.04256158	1.14663
540	13261.33	13636.84	-375.5014	1.14663	-1.377204	0.04195618	1.14663
550	13288.79	13663.58	-374.7845	1.14663	-1.371738	0.0424876	1.14663
560	13291.58	13666.57	-374.9882	1.14663	-1.366087	0.04304406	1.14663
570	13293.21	13668.02	-374.8082	1.14663	-1.359901	0.0436615	1.14663
580	13303.46	13678.41	-374.953	1.14663	-1.372774	0.04238631	1.14663
590	13323.45	13698.65	-375.2016	1.14663	-1.379003	0.04178271	1.14663
600	13291.94	13667.86	-375.9238	1.14663	-1.388103	0.04091638	1.14663
610	13293.05	13668.48	-375.437	1.14663	-1.374744	0.04219452	1.14663
620	13289.54	13665.13	-375.5871	1.14663	-1.383444	0.04135768	1.14663
630	13291.61	13667.72	-376.1132	1.14663	-1.379489	0.04173603	1.14663
640	13265.25	13641.55	-376.2989	1.14663	-1.39283	0.0404734	1.14663
650	13261.72	13638.54	-376.8224	1.14663	-1.394115	0.04035385	1.14663
660	13267.1	13643.36	-376.2649	1.14663	-1.373578	0.0423079	1.14663
670	13256.75	13634.04	-377.2862	1.14663	-1.394171	0.04034869	1.14663
680	13244.49	13622.07	-377.5815	1.14663	-1.402296	0.03960082	1.14663
690	13253.91	13631.55	-377.6345	1.14663	-1.396597	0.04012388	1.14663
700	13256.59	13633.46	-376.866	1.14663	-1.390392	0.0407013	1.14663
710	13260.98	13638.63	-377.6462	1.14663	-1.391168	0.04062864	1.14663
720	13238.92	13617.63	-378.709	1.14663	-1.408818	0.03901057	1.14663
730	13249.6	13627.8	-378.199	1.14663	-1.406782	0.03919387	1.14663
740	13266.83	13645.14	-378.3183	1.14663	-1.40362	0.0394803	1.14663
750	13258.21	13636.41	-378.1995	1.14663	-1.418699	0.03813299	1.14663
760	13266.54	13645.38	-378.8368	1.14663	-1.416888	0.03829236	1.14663
770	13274.97	13653.71	-378.7398	1.14663	-1.407441	0.03913441	1.14663
780	13289.27	13666.02	-376.7516	1.14663	-1.412444	0.03868615	1.14663
790	13280.25	13657.37	-377.1258	1.14663	-1.406743	0.03919742	1.14663
800	13272.85	13649.78	-376.9256	1.14663	-1.395605	0.04021568	1.14663
810	13261.79	13639.1	-377.3164	1.14663	-1.408591	0.03903091	1.14663
820	13252.71	13630.86	-378.1575	1.14663	-1.413312	0.03860892	1.14663
830	13251.67	13629.23	-377.5553	1.14663	-1.407491	0.03912988	1.14663
840	13257.47	13634.74	-377.2626	1.14663	-1.393542	0.04040713	1.14663
850	13256.86	13634.3	-377.4371	1.14663	-1.398855	0.03991582	1.14663
860	13237.54	13615.65	-378.1055	1.14663	-1.41099	0.03881592	1.14663
870	13222.94	13600.54	-377.5941	1.14663	-1.396676	0.04011657	1.14663
880	13247.89	13624.77	-376.8721	1.14663	-1.399869	0.03982274	1.14663
890	13259.41	13636.32	-376.9083	1.14663	-1.392322	0.04052077	1.14663
900	13268.38	13644.88	-376.508	1.14663	-1.396679	0.0401163	1.14663
910	13258.61	13635.4	-376.7856	1.14663	-1.39412	0.04035335	1.14663
920	13246.82	13623.68	-376.8553	1.14663	-1.382443	0.04145313	1.14663
930	13252.19	13628.81	-376.6241	1.14663	-1.379057	0.0417776	1.14663
940	13245.48	13622.83	-377.3444	1.14663	-1.393585	0.0404031	1.14663
950	13258.99	13636.25	-377.2606	1.14663	-1.401643	0.03966037	1.14663
960	13259.18	13636.75	-377.5663	1.14663	-1.392679	0.04048753	1.14663
970	13262.21	13639.32	-377.1115	1.14663	-1.388224	0.04090499	1.14663
980	13249.71	13627.2	-377.495	1.14663	-1.389473	0.04078746	1.14663
990	13259.5	13635.61	-376.1096	1.14663	-1.379665	0.04171908	1.14663
1000	13229.07	13605.3	-376.2232	1.14663	-1.381467	0.04154641	1.14663
