Iteration	Posterior	Likelihood	Prior	diversification	logSigma	sigma	speciation
0	4148.784	4560.407	-411.623	1.14663	-0.6429566	0.2275325	1.14663
10	5568.791	5980.397	-411.606	1.14663	-1.09495	0.08036195	1.14663
20	-1579.162	-1168.156	-411.006	1.14663	-0.1091551	0.7777587	1.14663
30	-3485.288	-3074.596	-410.6922	1.14663	0.06170944	1.152682	1.14663
40	-149.497	257.6144	-407.1114	1.14663	-0.2004353	0.6303252	1.14663
50	-8961.224	-8556.493	-404.7312	1.14663	0.5765282	3.771622	1.14663
60	2732.278	3140.056	-407.7777	1.14663	-0.6339497	0.2323006	1.14663
70	-14176.05	-13769.76	-406.2936	1.14663	1.020074	10.47307	1.14663
80	-12796.41	-12389.12	-407.2846	1.14663	0.8952016	7.856002	1.14663
90	-4412.448	-4006.853	-405.5954	1.14663	0.172382	1.487243	1.14663
100	-10098.84	-9689.785	-409.0555	1.14663	0.6521633	4.489142	1.14663
110	5071.373	5481.486	-410.1133	1.14663	-0.911476	0.1226095	1.14663
120	3602.874	4013.802	-410.9284	1.14663	-0.6553594	0.2211264	1.14663
130	-27900.5	-27483.9	-416.5969	1.14663	-1.559792	0.02755549	1.14663
140	-12233.68	-11818.27	-415.4073	1.14663	0.7950952	6.238716	1.14663
150	-7917.002	-7500.216	-416.7852	1.14663	0.4426146	2.77086	1.14663
160	-18552.26	-18138.01	-414.2527	1.14663	1.375025	23.7151	1.14663
170	2784.829	3196.144	-411.3154	1.14663	-1.187328	0.06496392	1.14663
180	-9127.332	-8715.744	-411.5878	1.14663	0.5587239	3.620128	1.14663
190	-2906.443	-2492.932	-413.511	1.14663	0.0002038789	1.00047	1.14663
200	-2645.536	-2233.254	-412.2823	1.14663	-0.01188214	0.9730112	1.14663
210	-6325.347	-5908.033	-417.3141	1.14663	-1.347048	0.04497299	1.14663
220	-4675.556	-4261.123	-414.4327	1.14663	0.1739295	1.492552	1.14663
230	5143.365	5561.687	-418.3219	1.14663	-1.145634	0.07150979	1.14663
240	2916.446	3332.099	-415.653	1.14663	-0.5439754	0.2857753	1.14663
250	-4018.712	-3604.67	-414.0416	1.14663	0.1045832	1.272281	1.14663
260	-20821.28	-20406.21	-415.0732	1.14663	-1.158033	0.06949708	1.14663
270	-11432.43	-11013.12	-419.3007	1.14663	-1.026315	0.09412061	1.14663
280	3996.089	4411.376	-415.2872	1.14663	-0.647033	0.2254068	1.14663
290	-5381.521	-4965.014	-416.5069	1.14663	-1.191983	0.06427127	1.14663
300	-3754.959	-3339.676	-415.2837	1.14663	0.07702663	1.194061	1.14663
310	512.4552	927.2825	-414.8273	1.14663	-1.284058	0.0519926	1.14663
320	-15216.65	-14803.3	-413.3499	1.14663	1.081357	12.06028	1.14663
330	-4059.365	-3643.32	-416.0458	1.14663	0.09077221	1.232458	1.14663
340	-9206.501	-8788.308	-418.1927	1.14663	0.5289781	3.380478	1.14663
350	-1359.229	-943.9804	-415.2486	1.14663	-0.1292457	0.7425989	1.14663
360	-6913.817	-6499.762	-414.0546	1.14663	0.361715	2.299932	1.14663
370	-9341.396	-8932.178	-409.218	1.14663	0.5908359	3.897946	1.14663
380	2236.992	2641.991	-404.9988	1.14663	-0.4237878	0.3768879	1.14663
390	-4849.88	-4444.478	-405.4018	1.14663	0.1999873	1.584847	1.14663
400	-9895.836	-9489.075	-406.7612	1.14663	0.6350801	4.315987	1.14663
410	-9262.299	-8856.179	-406.1199	1.14663	0.5895563	3.886478	1.14663
420	4689.02	5097.422	-408.4015	1.14663	-1.101086	0.07923444	1.14663
430	1925.378	2335.607	-410.2288	1.14663	-0.5126619	0.3071412	1.14663
440	4370.57	4782.695	-412.125	1.14663	-0.6942014	0.2022081	1.14663
450	-1725.788	-1312.051	-413.7364	1.14663	-0.09753188	0.7988553	1.14663
460	-998.6063	-584.9377	-413.6686	1.14663	-0.1636051	0.6861118	1.14663
470	-4422.161	-4009.615	-412.5458	1.14663	0.1436021	1.391881	1.14663
480	3274.336	3683.282	-408.9454	1.14663	-1.020111	0.09547495	1.14663
490	6316.556	6728.495	-411.9392	1.14663	-0.9828969	0.1040167	1.14663
500	-2574.503	-2163.58	-410.9231	1.14663	-0.8099035	0.1549161	1.14663
510	-795.5147	-383.4355	-412.0792	1.14663	-0.1725169	0.6721762	1.14663
520	-6205.672	-5796.4	-409.2723	1.14663	0.3211627	2.094897	1.14663
530	-26024.46	-25611.01	-413.4481	1.14663	2.031929	107.629	1.14663
540	1485.996	1899.097	-413.1011	1.14663	-0.3896194	0.4077374	1.14663
550	3176.273	3585.996	-409.7235	1.14663	-0.5435269	0.2860705	1.14663
560	2486.983	2898.105	-411.1218	1.14663	-0.4708339	0.3381941	1.14663
570	3277.614	3692.374	-414.7597	1.14663	-1.078154	0.0835306	1.14663
580	-1817.059	-1406.981	-410.0778	1.14663	-0.07032817	0.8504951	1.14663
590	-4101.237	-3691.328	-409.9092	1.14663	0.1318591	1.35475	1.14663
600	-15487.59	-15075.15	-412.4449	1.14663	1.117879	13.11833	1.14663
610	-8631.092	-8221.103	-409.9891	1.14663	-0.7334751	0.1847247	1.14663
620	-4302.626	-3891.038	-411.5877	1.14663	0.1493865	1.410544	1.14663
630	-16606.32	-16191.51	-414.8086	1.14663	1.207672	16.13141	1.14663
640	1126.881	1545.094	-418.2136	1.14663	-0.392958	0.404615	1.14663
650	-9775.281	-9356.507	-418.7738	1.14663	0.5871557	3.865055	1.14663
660	-5664.051	-5245.892	-418.1583	1.14663	0.2294488	1.69609	1.14663
670	-2341.872	-1919.805	-422.0677	1.14663	-0.08721292	0.8180636	1.14663
680	-20349.07	-19928.6	-420.4699	1.14663	1.487535	30.72802	1.14663
690	-18006.47	-17590.86	-415.6083	1.14663	1.307656	20.30749	1.14663
700	-1914.404	-1500.768	-413.6358	1.14663	-0.09382141	0.8057097	1.14663
710	3961.741	4378.632	-416.8907	1.14663	-0.9339595	0.1164235	1.14663
720	-5595.405	-5178.762	-416.6435	1.14663	0.2365464	1.724036	1.14663
730	-13028.59	-12609.11	-419.4857	1.14663	0.8676427	7.372973	1.14663
740	-15225.27	-14811.01	-414.2585	1.14663	1.083066	12.10781	1.14663
750	-5658.841	-5242.26	-416.5808	1.14663	0.2349035	1.717527	1.14663
760	3436.435	3849.773	-413.338	1.14663	-1.148938	0.07096795	1.14663
770	-2194.09	-1780.2	-413.8898	1.14663	-1.333043	0.04644696	1.14663
780	-24560.59	-24145	-415.5822	1.14663	1.897432	78.9645	1.14663
790	618.802	1036.474	-417.6717	1.14663	-0.3186811	0.4800858	1.14663
800	-1942.922	-1528.808	-414.1146	1.14663	-0.09865846	0.7967857	1.14663
810	-9758.021	-9344.337	-413.6841	1.14663	0.6156148	4.126813	1.14663
820	-14266.58	-13853.39	-413.1903	1.14663	0.9906787	9.787655	1.14663
830	-8645.624	-8231.412	-414.2112	1.14663	0.5009353	3.169095	1.14663
840	-3339.221	-2929.923	-409.2983	1.14663	0.07635496	1.192216	1.14663
850	4743.905	5152.207	-408.3026	1.14663	-1.06267	0.08656259	1.14663
860	2995.936	3407.219	-411.2827	1.14663	-0.9149858	0.1216226	1.14663
870	-12904.02	-12492.82	-411.2042	1.14663	0.9110133	8.147292	1.14663
880	4802.305	5217.357	-415.052	1.14663	-1.083278	0.08255092	1.14663
890	-24322.21	-23904.85	-417.3622	1.14663	1.861063	72.62111	1.14663
900	1623.05	2033.771	-410.7214	1.14663	-0.3991027	0.3989305	1.14663
910	-719.1922	-308.7962	-410.3959	1.14663	-0.1505879	0.7069882	1.14663
920	919.46	1329.986	-410.5258	1.14663	-0.6631468	0.2171967	1.14663
930	-9373.314	-8963.734	-409.58	1.14663	0.609851	4.072406	1.14663
940	4693.069	5109.799	-416.7295	1.14663	-0.7374015	0.1830621	1.14663
950	-9512.424	-9096.777	-415.6477	1.14663	0.589491	3.885895	1.14663
960	-18376.75	-17963.84	-412.9086	1.14663	1.37234	23.56893	1.14663
970	-683.3619	-271.0407	-412.3212	1.14663	-0.1793888	0.6616239	1.14663
980	4227.362	4640.308	-412.9457	1.14663	-0.843506	0.1433818	1.14663
990	-10942.91	-10534.45	-408.4643	1.14663	0.7259516	5.320489	1.14663
1000	-6484.582	-6073.068	-411.5142	1.14663	0.3226251	2.101963	1.14663
