state	power	likelihood
260	0.659082	13706.9
270	0.659082	13696.1
280	0.659082	13712
290	0.659082	13715.5
300	0.659082	13695.5
310	0.659082	13696.2
320	0.659082	13685.4
330	0.659082	13683.8
340	0.659082	13690.7
350	0.659082	13695.4
360	0.659082	13707.3
370	0.659082	13701.2
380	0.659082	13710.6
390	0.659082	13707.3
400	0.659082	13715
410	0.659082	13708.1
420	0.659082	13695.7
430	0.659082	13707.3
440	0.659082	13710.9
450	0.659082	13708.2
460	0.659082	13703.4
470	0.659082	13702.9
480	0.659082	13695
490	0.659082	13692
500	0.659082	13690.3
510	0.659082	13685.1
520	0.659082	13690.4
530	0.659082	13686.8
540	0.659082	13683.6
550	0.659082	13688.5
560	0.659082	13695.2
570	0.659082	13704.6
580	0.659082	13694.6
590	0.659082	13715.7
600	0.659082	13698.8
610	0.659082	13693.4
620	0.659082	13689.3
630	0.659082	13698.8
640	0.659082	13698.4
650	0.659082	13697
660	0.659082	13671.9
670	0.659082	13688.8
680	0.659082	13695.5
690	0.659082	13700.7
700	0.659082	13704.1
710	0.659082	13706.7
720	0.659082	13700.1
730	0.659082	13715.3
740	0.659082	13715.4
750	0.659082	13708.7
760	0.659082	13711.2
770	0.659082	13704.8
780	0.659082	13705
790	0.659082	13693
800	0.659082	13694.4
810	0.659082	13695.6
820	0.659082	13677.2
830	0.659082	13681.3
840	0.659082	13684.3
850	0.659082	13694.5
860	0.659082	13678.7
870	0.659082	13680.1
880	0.659082	13672.5
890	0.659082	13670.2
900	0.659082	13682.2
910	0.659082	13698.5
920	0.659082	13708.4
930	0.659082	13696.8
940	0.659082	13709.5
950	0.659082	13704.6
960	0.659082	13726.1
970	0.659082	13721.3
980	0.659082	13715.8
990	0.659082	13701
1000	0.659082	13697.5
