Iteration	Posterior	Likelihood	Prior	diversification	logSigma	sigma	speciation
0	1811.584	2220.555	-408.9714	1.14663	-0.4206975	0.3795793	1.14663
10	-9168.421	-8761.978	-406.4436	1.14663	0.596744	3.951336	1.14663
20	5611.139	6017.536	-406.3962	1.14663	-1.094308	0.08048069	1.14663
30	4387.863	4798.879	-411.0155	1.14663	-0.7112509	0.1944236	1.14663
40	7056.074	7466.933	-410.8582	1.14663	-1.1049	0.07854167	1.14663
50	6141.086	6551.941	-410.8552	1.14663	-0.928361	0.117934	1.14663
60	109.5696	522.8161	-413.2465	1.14663	-0.2695158	0.5376308	1.14663
70	-1168.36	-760.8545	-407.5055	1.14663	-1.258246	0.05517643	1.14663
80	4512.046	4917.705	-405.6588	1.14663	-1.024907	0.09442621	1.14663
90	3461.898	3866.911	-405.0133	1.14663	-0.559848	0.2755193	1.14663
100	3318.208	3725.478	-407.2703	1.14663	-0.5305661	0.2947365	1.14663
110	-8111.306	-7705.235	-406.0708	1.14663	0.5042835	3.193622	1.14663
120	4492.353	4901.901	-409.5476	1.14663	-0.6851431	0.20647	1.14663
130	296.6192	704.4114	-407.7923	1.14663	-0.2619689	0.5470551	1.14663
140	1123.797	1531.564	-407.7676	1.14663	-0.3392869	0.4578393	1.14663
150	-2273.547	-1869.214	-404.3338	1.14663	-0.01179972	0.9731959	1.14663
160	5177.848	5582.959	-405.1112	1.14663	-0.7740454	0.1682498	1.14663
170	4490.617	4899.486	-408.8689	1.14663	-0.7171715	0.1917911	1.14663
180	3914.546	4321.076	-406.5301	1.14663	-0.7099979	0.1949854	1.14663
190	2371.112	2777.783	-406.6712	1.14663	-0.4624699	0.3447705	1.14663
200	6540.992	6949.557	-408.5648	1.14663	-1.103146	0.07885942	1.14663
210	-6931.284	-6520.407	-410.8772	1.14663	-0.6688376	0.2143692	1.14663
220	5058.147	5466.489	-408.3419	1.14663	-0.7685604	0.1703883	1.14663
230	-4144.864	-3738.079	-406.7859	1.14663	-0.9661695	0.1081012	1.14663
240	1221.295	1630.002	-408.7069	1.14663	-0.7732698	0.1685506	1.14663
250	-3733.151	-3324.911	-408.2396	1.14663	0.1026948	1.266761	1.14663
260	-5006.063	-4594.414	-411.6489	1.14663	0.1921731	1.556586	1.14663
270	278.3256	690.3647	-412.0391	1.14663	-0.2807482	0.5239041	1.14663
280	5457.325	5867.405	-410.0795	1.14663	-1.123595	0.07523247	1.14663
290	-4732.478	-4318.051	-414.4266	1.14663	0.1632947	1.456447	1.14663
300	5342.957	5759.845	-416.8885	1.14663	-0.9775608	0.1053026	1.14663
310	-101.8553	311.4717	-413.327	1.14663	-0.2298449	0.5890539	1.14663
320	-5001.425	-4586.26	-415.1651	1.14663	0.1781099	1.506988	1.14663
330	-1544.777	-1130.543	-414.2339	1.14663	-0.119743	0.7590265	1.14663
340	5762.769	6179.04	-416.2708	1.14663	-0.8802963	0.1317358	1.14663
350	5241.184	5656.309	-415.1254	1.14663	-1.158867	0.06936389	1.14663
360	-4247.106	-3829.817	-417.2887	1.14663	-1.374157	0.04225162	1.14663
370	3892.349	4303.108	-410.759	1.14663	-0.6156913	0.2422751	1.14663
380	4720.089	5127.217	-407.1278	1.14663	-0.7023643	0.198443	1.14663
390	6004.841	6415.063	-410.2217	1.14663	-1.031905	0.09291705	1.14663
400	4230.657	4640.566	-409.9091	1.14663	-0.6477345	0.225043	1.14663
410	2324.321	2733.859	-409.5378	1.14663	-0.4491333	0.3555221	1.14663
420	-1102.395	-691.1047	-411.2905	1.14663	-0.145944	0.7145885	1.14663
430	-16952.71	-16540.96	-411.7519	1.14663	1.251637	17.84993	1.14663
440	6051.935	6465.61	-413.6748	1.14663	-0.9575284	0.1102736	1.14663
450	2173.931	2589.141	-415.21	1.14663	-0.4697483	0.3390406	1.14663
460	1221.578	1639.48	-417.9018	1.14663	-0.3804917	0.4163977	1.14663
470	3169.362	3588.36	-418.9983	1.14663	-1.135105	0.07326478	1.14663
480	2665.407	3081.214	-415.8068	1.14663	-0.5470115	0.2837844	1.14663
490	5686.716	6103.553	-416.8368	1.14663	-0.9126154	0.1222882	1.14663
500	-15682.02	-15265.47	-416.5485	1.14663	1.142204	13.87409	1.14663
510	2533.92	2948.255	-414.3349	1.14663	-0.5093249	0.3095103	1.14663
520	4226.377	4643.692	-417.3149	1.14663	-0.6841151	0.2069593	1.14663
530	-4444.366	-4029.087	-415.2787	1.14663	0.125007	1.333543	1.14663
540	4001.771	4414.262	-412.4915	1.14663	-1.19975	0.06313205	1.14663
550	4567.991	4984.64	-416.6489	1.14663	-1.117645	0.07627018	1.14663
560	5253.308	5676.016	-422.7078	1.14663	-0.9020916	0.1252877	1.14663
570	969.3137	1388.578	-419.264	1.14663	-0.3527038	0.4439113	1.14663
580	-1204.9	-787.5323	-417.3672	1.14663	-0.1549782	0.6998771	1.14663
590	5626.226	6042.91	-416.6836	1.14663	-0.93736	0.1155154	1.14663
600	5214.887	5629.582	-414.6942	1.14663	-0.9670616	0.1078794	1.14663
610	4664.178	5076.019	-411.8411	1.14663	-0.7478395	0.1787148	1.14663
620	-3956.009	-3543.493	-412.5158	1.14663	0.08836905	1.225657	1.14663
630	2907.159	3320.366	-413.2071	1.14663	-0.5474843	0.2834756	1.14663
640	-5146.638	-4734.429	-412.2085	1.14663	0.2270322	1.686678	1.14663
650	3469.147	3880.096	-410.9495	1.14663	-0.575383	0.265838	1.14663
660	-3157.781	-2742.611	-415.1707	1.14663	0.01931838	1.045486	1.14663
670	-1986.815	-1575.297	-411.5179	1.14663	-0.04961508	0.8920412	1.14663
680	5378.372	5793.393	-415.0213	1.14663	-0.9884345	0.1026988	1.14663
690	1922.217	2338.494	-416.2766	1.14663	-0.4903629	0.3233234	1.14663
700	1851.367	2269.902	-418.5351	1.14663	-0.465843	0.3421031	1.14663
710	3064.541	3482.694	-418.1523	1.14663	-0.5634084	0.2732698	1.14663
720	-4317.793	-3895.326	-422.4664	1.14663	0.104924	1.27328	1.14663
730	1497.487	1915.026	-417.5387	1.14663	-0.4875248	0.3254432	1.14663
740	-11758.82	-11342.78	-416.0415	1.14663	0.7802495	6.029058	1.14663
750	4467.711	4883.897	-416.1864	1.14663	-0.8177359	0.1521472	1.14663
760	266.9538	686.6343	-419.6805	1.14663	-0.3067917	0.4934104	1.14663
770	1294.952	1711.018	-416.0665	1.14663	-0.3856976	0.4114361	1.14663
780	-7863.818	-7444.311	-419.5075	1.14663	0.4111593	2.577267	1.14663
790	1983.443	2403.444	-420.0009	1.14663	-1.230831	0.05877182	1.14663
800	6598.766	7018.489	-419.7233	1.14663	-1.232893	0.05849345	1.14663
810	-4888.29	-4475.508	-412.7814	1.14663	0.1840242	1.527651	1.14663
820	3317.521	3728.661	-411.1405	1.14663	-0.5585956	0.276315	1.14663
830	215.6745	628.7964	-413.1219	1.14663	-0.2995387	0.5017198	1.14663
840	2420.169	2833.306	-413.1364	1.14663	-1.294965	0.05070314	1.14663
850	2191.456	2603.615	-412.1592	1.14663	-0.4586875	0.3477864	1.14663
860	4320.457	4734.067	-413.6093	1.14663	-0.6972408	0.2007979	1.14663
870	4766.304	5184.436	-418.1323	1.14663	-0.8783364	0.1323316	1.14663
880	3338.037	3753.587	-415.5504	1.14663	-0.5762151	0.2653291	1.14663
890	4816.854	5231.663	-414.8095	1.14663	-0.8017925	0.1578365	1.14663
900	3683.667	4098.057	-414.3894	1.14663	-0.6106313	0.2451143	1.14663
910	1700.686	2114.087	-413.4013	1.14663	-0.4058773	0.3927559	1.14663
920	3333.841	3751.695	-417.8548	1.14663	-0.8117372	0.1542633	1.14663
930	-3434.696	-3019.938	-414.7581	1.14663	0.05712665	1.140582	1.14663
940	451.2856	863.4075	-412.1219	1.14663	-1.328482	0.04693724	1.14663
950	5204.257	5618.995	-414.7384	1.14663	-0.8624363	0.1372662	1.14663
960	5520.516	5933.933	-413.4168	1.14663	-0.9661148	0.1081148	1.14663
970	3788.508	4196.709	-408.2008	1.14663	-0.6212979	0.2391675	1.14663
980	-888.672	-475.005	-413.6669	1.14663	-0.164718	0.6843559	1.14663
990	-195.0165	218.9807	-413.9973	1.14663	-0.2384772	0.5774612	1.14663
1000	4807.971	5225.226	-417.2544	1.14663	-0.7596018	0.1739395	1.14663
