state	power	likelihood
260	1	13755.4
270	1	13764.2
280	1	13752.5
290	1	13753.1
300	1	13753.9
310	1	13756.7
320	1	13758.1
330	1	13759
340	1	13764.9
350	1	13758.8
360	1	13755.9
370	1	13750.1
380	1	13737.8
390	1	13740.4
400	1	13745.4
410	1	13747.7
420	1	13749.6
430	1	13746.9
440	1	13745.5
450	1	13740.8
460	1	13743.7
470	1	13731.3
480	1	13740.9
490	1	13736.6
500	1	13748.8
510	1	13748.2
520	1	13744.7
530	1	13749.9
540	1	13742.3
550	1	13733
560	1	13737.4
570	1	13736.1
580	1	13750.4
590	1	13741.3
600	1	13741.3
610	1	13737.1
620	1	13734.8
630	1	13739
640	1	13744.9
650	1	13744.3
660	1	13749.5
670	1	13744.7
680	1	13752.3
690	1	13745.8
700	1	13745.7
710	1	13747.7
720	1	13741.9
730	1	13742.4
740	1	13738.9
750	1	13736.4
760	1	13743.4
770	1	13745.4
780	1	13741.5
790	1	13732.4
800	1	13728.3
810	1	13732.2
820	1	13742.9
830	1	13742.1
840	1	13735.1
850	1	13737.2
860	1	13740.7
870	1	13748.2
880	1	13739.8
890	1	13735.6
900	1	13745.8
910	1	13755.3
920	1	13748.4
930	1	13749.6
940	1	13741
950	1	13753.5
960	1	13747.5
970	1	13749.1
980	1	13750.6
990	1	13751.2
1000	1	13747
260	0.903921	13750.4
270	0.903921	13749.1
280	0.903921	13744.8
290	0.903921	13747.9
300	0.903921	13740.8
310	0.903921	13729.6
320	0.903921	13732.4
330	0.903921	13745
340	0.903921	13737.3
350	0.903921	13744.3
360	0.903921	13735.8
370	0.903921	13739.1
380	0.903921	13743.7
390	0.903921	13732.6
400	0.903921	13719.5
410	0.903921	13722.1
420	0.903921	13715.4
430	0.903921	13729.6
440	0.903921	13728
450	0.903921	13731.1
460	0.903921	13726.3
470	0.903921	13732.3
480	0.903921	13731.1
490	0.903921	13742.3
500	0.903921	13746.1
510	0.903921	13739.5
520	0.903921	13735
530	0.903921	13742.9
540	0.903921	13740.1
550	0.903921	13754.5
560	0.903921	13742.2
570	0.903921	13737.7
580	0.903921	13730.2
590	0.903921	13726
600	0.903921	13729.8
610	0.903921	13739.3
620	0.903921	13735.8
630	0.903921	13745.8
640	0.903921	13751.9
650	0.903921	13750.9
660	0.903921	13747.2
670	0.903921	13749.4
680	0.903921	13749.1
690	0.903921	13759
700	0.903921	13751.7
710	0.903921	13751.4
720	0.903921	13744.2
730	0.903921	13739.9
740	0.903921	13745
750	0.903921	13754.7
760	0.903921	13753
770	0.903921	13752.2
780	0.903921	13751.2
790	0.903921	13753.2
800	0.903921	13748.5
810	0.903921	13742.8
820	0.903921	13752.5
830	0.903921	13762.8
840	0.903921	13760
850	0.903921	13755.3
860	0.903921	13741.6
870	0.903921	13741.2
880	0.903921	13726.9
890	0.903921	13731.6
900	0.903921	13728.1
910	0.903921	13734.2
920	0.903921	13736.3
930	0.903921	13741.8
940	0.903921	13752.4
950	0.903921	13750.4
960	0.903921	13749.6
970	0.903921	13735.3
980	0.903921	13738.8
990	0.903921	13738.5
1000	0.903921	13733.5
260	0.815373	13733.7
270	0.815373	13743.8
280	0.815373	13744.6
290	0.815373	13748.2
300	0.815373	13746.1
310	0.815373	13750.6
320	0.815373	13725.9
330	0.815373	13723.5
340	0.815373	13719.4
350	0.815373	13723.5
360	0.815373	13730.8
370	0.815373	13722.2
380	0.815373	13722.4
390	0.815373	13725.8
400	0.815373	13709.4
410	0.815373	13701.1
420	0.815373	13688.1
430	0.815373	13686.2
440	0.815373	13689.7
450	0.815373	13694.3
460	0.815373	13692.7
470	0.815373	13700
480	0.815373	13694.7
490	0.815373	13716.5
500	0.815373	13712.6
510	0.815373	13721.5
520	0.815373	13711.7
530	0.815373	13714.8
540	0.815373	13730.6
550	0.815373	13721.5
560	0.815373	13707.6
570	0.815373	13703.2
580	0.815373	13701.7
590	0.815373	13689.3
600	0.815373	13696.2
610	0.815373	13706.1
620	0.815373	13699.3
630	0.815373	13700.9
640	0.815373	13711.9
650	0.815373	13711.5
660	0.815373	13696.9
670	0.815373	13693.6
680	0.815373	13702.4
690	0.815373	13698.5
700	0.815373	13703.1
710	0.815373	13707.1
720	0.815373	13693.2
730	0.815373	13690.6
740	0.815373	13701.6
750	0.815373	13711.5
760	0.815373	13716.1
770	0.815373	13718.3
780	0.815373	13720.6
790	0.815373	13720.5
800	0.815373	13708.9
810	0.815373	13713.6
820	0.815373	13710.9
830	0.815373	13715.5
840	0.815373	13707.4
850	0.815373	13697.2
860	0.815373	13710.2
870	0.815373	13721.3
880	0.815373	13727.5
890	0.815373	13713.9
900	0.815373	13719.9
910	0.815373	13717.1
920	0.815373	13718.1
930	0.815373	13722.9
940	0.815373	13725.1
950	0.815373	13731.1
960	0.815373	13726.9
970	0.815373	13707.3
980	0.815373	13716.4
990	0.815373	13707.8
1000	0.815373	13704.4
260	0.733904	13710.9
270	0.733904	13718.8
280	0.733904	13728.4
290	0.733904	13722.1
300	0.733904	13714
310	0.733904	13719.7
320	0.733904	13717.7
330	0.733904	13727.5
340	0.733904	13717.6
350	0.733904	13713.8
360	0.733904	13725.4
370	0.733904	13734.8
380	0.733904	13732.3
390	0.733904	13746
400	0.733904	13735.2
410	0.733904	13727.1
420	0.733904	13722.9
430	0.733904	13723
440	0.733904	13728.1
450	0.733904	13711.4
460	0.733904	13724.9
470	0.733904	13714.7
480	0.733904	13702.6
490	0.733904	13702.2
500	0.733904	13709.1
510	0.733904	13713.7
520	0.733904	13705.7
530	0.733904	13715.3
540	0.733904	13718.8
550	0.733904	13721.3
560	0.733904	13731.2
570	0.733904	13716.4
580	0.733904	13715.6
590	0.733904	13697.1
600	0.733904	13699.3
610	0.733904	13704.7
620	0.733904	13724.5
630	0.733904	13711.7
640	0.733904	13701.3
650	0.733904	13695.1
660	0.733904	13709.1
670	0.733904	13717.6
680	0.733904	13702.5
690	0.733904	13706.1
700	0.733904	13712.2
710	0.733904	13705.2
720	0.733904	13710.4
730	0.733904	13725.5
740	0.733904	13722.3
750	0.733904	13711.8
760	0.733904	13686.2
770	0.733904	13689.5
780	0.733904	13677.7
790	0.733904	13685.4
800	0.733904	13681.8
810	0.733904	13690.8
820	0.733904	13705.2
830	0.733904	13694.8
840	0.733904	13709.5
850	0.733904	13712.6
860	0.733904	13718
870	0.733904	13728.2
880	0.733904	13717.9
890	0.733904	13724.2
900	0.733904	13728.4
910	0.733904	13725.5
920	0.733904	13718.6
930	0.733904	13722.6
940	0.733904	13707.3
950	0.733904	13707.6
960	0.733904	13701.2
970	0.733904	13697.9
980	0.733904	13714
990	0.733904	13688
1000	0.733904	13690.5
260	0.659082	13706.9
270	0.659082	13696.1
280	0.659082	13712
290	0.659082	13715.5
300	0.659082	13695.5
310	0.659082	13696.2
320	0.659082	13685.4
330	0.659082	13683.8
340	0.659082	13690.7
350	0.659082	13695.4
360	0.659082	13707.3
370	0.659082	13701.2
380	0.659082	13710.6
390	0.659082	13707.3
400	0.659082	13715
410	0.659082	13708.1
420	0.659082	13695.7
430	0.659082	13707.3
440	0.659082	13710.9
450	0.659082	13708.2
460	0.659082	13703.4
470	0.659082	13702.9
480	0.659082	13695
490	0.659082	13692
500	0.659082	13690.3
510	0.659082	13685.1
520	0.659082	13690.4
530	0.659082	13686.8
540	0.659082	13683.6
550	0.659082	13688.5
560	0.659082	13695.2
570	0.659082	13704.6
580	0.659082	13694.6
590	0.659082	13715.7
600	0.659082	13698.8
610	0.659082	13693.4
620	0.659082	13689.3
630	0.659082	13698.8
640	0.659082	13698.4
650	0.659082	13697
660	0.659082	13671.9
670	0.659082	13688.8
680	0.659082	13695.5
690	0.659082	13700.7
700	0.659082	13704.1
710	0.659082	13706.7
720	0.659082	13700.1
730	0.659082	13715.3
740	0.659082	13715.4
750	0.659082	13708.7
760	0.659082	13711.2
770	0.659082	13704.8
780	0.659082	13705
790	0.659082	13693
800	0.659082	13694.4
810	0.659082	13695.6
820	0.659082	13677.2
830	0.659082	13681.3
840	0.659082	13684.3
850	0.659082	13694.5
860	0.659082	13678.7
870	0.659082	13680.1
880	0.659082	13672.5
890	0.659082	13670.2
900	0.659082	13682.2
910	0.659082	13698.5
920	0.659082	13708.4
930	0.659082	13696.8
940	0.659082	13709.5
950	0.659082	13704.6
960	0.659082	13726.1
970	0.659082	13721.3
980	0.659082	13715.8
990	0.659082	13701
1000	0.659082	13697.5
260	0.59049	13650
270	0.59049	13657.2
280	0.59049	13658.1
290	0.59049	13658.3
300	0.59049	13647.4
310	0.59049	13637.4
320	0.59049	13658.6
330	0.59049	13658.7
340	0.59049	13657.2
350	0.59049	13645.5
360	0.59049	13652.6
370	0.59049	13662.3
380	0.59049	13656.1
390	0.59049	13646.1
400	0.59049	13655.2
410	0.59049	13653.2
420	0.59049	13654.7
430	0.59049	13644.7
440	0.59049	13631.6
450	0.59049	13650.9
460	0.59049	13638.7
470	0.59049	13664.6
480	0.59049	13669.5
490	0.59049	13649.1
500	0.59049	13652.9
510	0.59049	13656.4
520	0.59049	13644.8
530	0.59049	13643.5
540	0.59049	13635.1
550	0.59049	13648.5
560	0.59049	13659.9
570	0.59049	13652
580	0.59049	13640.7
590	0.59049	13635.8
600	0.59049	13644.8
610	0.59049	13650.4
620	0.59049	13656.7
630	0.59049	13625.8
640	0.59049	13646.7
650	0.59049	13666.3
660	0.59049	13659.4
670	0.59049	13651.6
680	0.59049	13630.8
690	0.59049	13618.1
700	0.59049	13623.4
710	0.59049	13648
720	0.59049	13650.1
730	0.59049	13662.7
740	0.59049	13666.5
750	0.59049	13670.3
760	0.59049	13641.4
770	0.59049	13652
780	0.59049	13667.5
790	0.59049	13676.9
800	0.59049	13681
810	0.59049	13671.5
820	0.59049	13674.1
830	0.59049	13673
840	0.59049	13683.8
850	0.59049	13681.6
860	0.59049	13675.4
870	0.59049	13667.5
880	0.59049	13665.9
890	0.59049	13669.5
900	0.59049	13684.2
910	0.59049	13676.2
920	0.59049	13660.4
930	0.59049	13640.9
940	0.59049	13642.8
950	0.59049	13633.9
960	0.59049	13640.2
970	0.59049	13663.5
980	0.59049	13657.6
990	0.59049	13661.5
1000	0.59049	13663.2
260	0.527732	13623.2
270	0.527732	13634.9
280	0.527732	13621.8
290	0.527732	13614.1
300	0.527732	13638.6
310	0.527732	13632
320	0.527732	13640.7
330	0.527732	13614.9
340	0.527732	13632.1
350	0.527732	13618.4
360	0.527732	13619.8
370	0.527732	13621.2
380	0.527732	13646.5
390	0.527732	13632.7
400	0.527732	13619.5
410	0.527732	13611.2
420	0.527732	13623.7
430	0.527732	13609.1
440	0.527732	13619.6
450	0.527732	13630.7
460	0.527732	13642.5
470	0.527732	13662.1
480	0.527732	13667
490	0.527732	13645.4
500	0.527732	13649.5
510	0.527732	13653.8
520	0.527732	13645.4
530	0.527732	13621.3
540	0.527732	13636.8
550	0.527732	13663.6
560	0.527732	13666.6
570	0.527732	13668
580	0.527732	13678.4
590	0.527732	13698.7
600	0.527732	13667.9
610	0.527732	13668.5
620	0.527732	13665.1
630	0.527732	13667.7
640	0.527732	13641.5
650	0.527732	13638.5
660	0.527732	13643.4
670	0.527732	13634
680	0.527732	13622.1
690	0.527732	13631.5
700	0.527732	13633.5
710	0.527732	13638.6
720	0.527732	13617.6
730	0.527732	13627.8
740	0.527732	13645.1
750	0.527732	13636.4
760	0.527732	13645.4
770	0.527732	13653.7
780	0.527732	13666
790	0.527732	13657.4
800	0.527732	13649.8
810	0.527732	13639.1
820	0.527732	13630.9
830	0.527732	13629.2
840	0.527732	13634.7
850	0.527732	13634.3
860	0.527732	13615.6
870	0.527732	13600.5
880	0.527732	13624.8
890	0.527732	13636.3
900	0.527732	13644.9
910	0.527732	13635.4
920	0.527732	13623.7
930	0.527732	13628.8
940	0.527732	13622.8
950	0.527732	13636.2
960	0.527732	13636.7
970	0.527732	13639.3
980	0.527732	13627.2
990	0.527732	13635.6
1000	0.527732	13605.3
260	0.470427	13586.1
270	0.470427	13567.1
280	0.470427	13571.9
290	0.470427	13590.1
300	0.470427	13599.1
310	0.470427	13578.1
320	0.470427	13581.6
330	0.470427	13602.9
340	0.470427	13601.2
350	0.470427	13598.7
360	0.470427	13599.7
370	0.470427	13612
380	0.470427	13603.7
390	0.470427	13576.8
400	0.470427	13585
410	0.470427	13589.7
420	0.470427	13599.8
430	0.470427	13589.8
440	0.470427	13567.3
450	0.470427	13601.7
460	0.470427	13612.2
470	0.470427	13592.6
480	0.470427	13588.3
490	0.470427	13586
500	0.470427	13580.6
510	0.470427	13588.9
520	0.470427	13564.4
530	0.470427	13530.7
540	0.470427	13513.3
550	0.470427	13510.4
560	0.470427	13532.1
570	0.470427	13548.8
580	0.470427	13558
590	0.470427	13561.4
600	0.470427	13574.2
610	0.470427	13578.4
620	0.470427	13560
630	0.470427	13590.5
640	0.470427	13540.1
650	0.470427	13560.4
660	0.470427	13553.1
670	0.470427	13561.2
680	0.470427	13555.9
690	0.470427	13545.2
700	0.470427	13536.9
710	0.470427	13535.1
720	0.470427	13544.8
730	0.470427	13539.6
740	0.470427	13525
750	0.470427	13551.5
760	0.470427	13540
770	0.470427	13563.4
780	0.470427	13555.1
790	0.470427	13563.6
800	0.470427	13571.3
810	0.470427	13562.9
820	0.470427	13557.3
830	0.470427	13575.5
840	0.470427	13577.3
850	0.470427	13593.3
860	0.470427	13615.7
870	0.470427	13597.7
880	0.470427	13593.3
890	0.470427	13619.6
900	0.470427	13595.4
910	0.470427	13598
920	0.470427	13589.8
930	0.470427	13607.2
940	0.470427	13606.8
950	0.470427	13606.4
960	0.470427	13601.5
970	0.470427	13592.5
980	0.470427	13588.5
990	0.470427	13600.9
1000	0.470427	13580.5
260	0.418212	13480.3
270	0.418212	13497.5
280	0.418212	13516.3
290	0.418212	13523.2
300	0.418212	13527.4
310	0.418212	13515.5
320	0.418212	13516.3
330	0.418212	13513.4
340	0.418212	13500.5
350	0.418212	13495.5
360	0.418212	13507.3
370	0.418212	13499.2
380	0.418212	13493.3
390	0.418212	13491.4
400	0.418212	13492.8
410	0.418212	13506.6
420	0.418212	13498.8
430	0.418212	13479
440	0.418212	13477.7
450	0.418212	13475.4
460	0.418212	13482.4
470	0.418212	13464.2
480	0.418212	13490.5
490	0.418212	13500.2
500	0.418212	13505.9
510	0.418212	13502.8
520	0.418212	13502.1
530	0.418212	13500.3
540	0.418212	13488.2
550	0.418212	13486.6
560	0.418212	13478.7
570	0.418212	13478.7
580	0.418212	13462.4
590	0.418212	13482.5
600	0.418212	13483.5
610	0.418212	13458.9
620	0.418212	13474.9
630	0.418212	13473.8
640	0.418212	13502.6
650	0.418212	13474.6
660	0.418212	13525.9
670	0.418212	13511.4
680	0.418212	13502.5
690	0.418212	13526.5
700	0.418212	13522.4
710	0.418212	13508.1
720	0.418212	13534.1
730	0.418212	13533.9
740	0.418212	13528.4
750	0.418212	13527.5
760	0.418212	13520.6
770	0.418212	13472.9
780	0.418212	13511
790	0.418212	13508.5
800	0.418212	13512.5
810	0.418212	13527.3
820	0.418212	13518
830	0.418212	13504
840	0.418212	13506.9
850	0.418212	13496.2
860	0.418212	13498.4
870	0.418212	13506
880	0.418212	13487.4
890	0.418212	13484.4
900	0.418212	13507.3
910	0.418212	13501.1
920	0.418212	13510
930	0.418212	13493.9
940	0.418212	13499.6
950	0.418212	13509.2
960	0.418212	13476
970	0.418212	13494.3
980	0.418212	13493.7
990	0.418212	13487.3
1000	0.418212	13493.8
260	0.37074	13468.6
270	0.37074	13474.1
280	0.37074	13460.4
290	0.37074	13475.2
300	0.37074	13461.3
310	0.37074	13470.6
320	0.37074	13474.3
330	0.37074	13478.6
340	0.37074	13461.1
350	0.37074	13457.5
360	0.37074	13475.3
370	0.37074	13479.9
380	0.37074	13502.3
390	0.37074	13479.4
400	0.37074	13497.3
410	0.37074	13513.9
420	0.37074	13479.2
430	0.37074	13497.4
440	0.37074	13541
450	0.37074	13522.2
460	0.37074	13520.5
470	0.37074	13496
480	0.37074	13515.5
490	0.37074	13513.7
500	0.37074	13503.6
510	0.37074	13504.2
520	0.37074	13497.5
530	0.37074	13492.1
540	0.37074	13494.8
550	0.37074	13500.8
560	0.37074	13474.1
570	0.37074	13463.9
580	0.37074	13484.5
590	0.37074	13471.1
600	0.37074	13487.6
610	0.37074	13479.1
620	0.37074	13469.1
630	0.37074	13462
640	0.37074	13465.7
650	0.37074	13469.8
660	0.37074	13478.2
670	0.37074	13449.8
680	0.37074	13410.1
690	0.37074	13439.8
700	0.37074	13461
710	0.37074	13453.7
720	0.37074	13475.2
730	0.37074	13451
740	0.37074	13466.5
750	0.37074	13478.4
760	0.37074	13467.1
770	0.37074	13419.3
780	0.37074	13446.2
790	0.37074	13425.3
800	0.37074	13398.4
810	0.37074	13363.2
820	0.37074	13357.6
830	0.37074	13329.8
840	0.37074	13351.8
850	0.37074	13326.6
860	0.37074	13336.3
870	0.37074	13358.2
880	0.37074	13355.2
890	0.37074	13388.3
900	0.37074	13369.5
910	0.37074	13354.8
920	0.37074	13398.3
930	0.37074	13395.8
940	0.37074	13379.8
950	0.37074	13379.8
960	0.37074	13371.3
970	0.37074	13402.4
980	0.37074	13410.4
990	0.37074	13400.4
1000	0.37074	13401.6
260	0.32768	13378.7
270	0.32768	13384.2
280	0.32768	13392.4
290	0.32768	13383
300	0.32768	13373.1
310	0.32768	13368
320	0.32768	13319.2
330	0.32768	13299
340	0.32768	13360.2
350	0.32768	13367.8
360	0.32768	13384.8
370	0.32768	13383.1
380	0.32768	13366.1
390	0.32768	13366.6
400	0.32768	13385.7
410	0.32768	13394.5
420	0.32768	13375.7
430	0.32768	13371.2
440	0.32768	13317.8
450	0.32768	13310.8
460	0.32768	13297.3
470	0.32768	13303.9
480	0.32768	13352.1
490	0.32768	13345.6
500	0.32768	13363.1
510	0.32768	13339.9
520	0.32768	13365.6
530	0.32768	13383.2
540	0.32768	13314.7
550	0.32768	13310.5
560	0.32768	13308.1
570	0.32768	13281.7
580	0.32768	13269.4
590	0.32768	13322.1
600	0.32768	13356.3
610	0.32768	13357.9
620	0.32768	13325.1
630	0.32768	13369.8
640	0.32768	13357.4
650	0.32768	13350.9
660	0.32768	13364
670	0.32768	13355.7
680	0.32768	13406
690	0.32768	13373.4
700	0.32768	13378.8
710	0.32768	13378
720	0.32768	13410.5
730	0.32768	13390.5
740	0.32768	13399.5
750	0.32768	13392.9
760	0.32768	13382.5
770	0.32768	13383.5
780	0.32768	13404
790	0.32768	13380.6
800	0.32768	13392.1
810	0.32768	13357.3
820	0.32768	13396.9
830	0.32768	13390.3
840	0.32768	13411.8
850	0.32768	13403.5
860	0.32768	13429.1
870	0.32768	13386.5
880	0.32768	13364.9
890	0.32768	13386.6
900	0.32768	13392.1
910	0.32768	13414.7
920	0.32768	13406.3
930	0.32768	13405.1
940	0.32768	13421.7
950	0.32768	13425.4
960	0.32768	13378
970	0.32768	13372.2
980	0.32768	13369.2
990	0.32768	13367.5
1000	0.32768	13374.4
260	0.288717	13298.7
270	0.288717	13312.4
280	0.288717	13314.2
290	0.288717	13308.3
300	0.288717	13318.3
310	0.288717	13306.9
320	0.288717	13352.4
330	0.288717	13294.9
340	0.288717	13253.6
350	0.288717	13299.1
360	0.288717	13272.1
370	0.288717	13314.7
380	0.288717	13319.7
390	0.288717	13279.7
400	0.288717	13328
410	0.288717	13375.5
420	0.288717	13339.6
430	0.288717	13324.1
440	0.288717	13303.6
450	0.288717	13278.7
460	0.288717	13292.3
470	0.288717	13269.1
480	0.288717	13293.9
490	0.288717	13249.6
500	0.288717	13252.6
510	0.288717	13270
520	0.288717	13287
530	0.288717	13291
540	0.288717	13264.4
550	0.288717	13269
560	0.288717	13218.4
570	0.288717	13194.3
580	0.288717	13215
590	0.288717	13182.5
600	0.288717	13192.1
610	0.288717	13213.3
620	0.288717	13220.1
630	0.288717	13245
640	0.288717	13251.1
650	0.288717	13265.3
660	0.288717	13265.9
670	0.288717	13262.2
680	0.288717	13238.7
690	0.288717	13279.6
700	0.288717	13246.2
710	0.288717	13262.1
720	0.288717	13302.6
730	0.288717	13330.6
740	0.288717	13307.6
750	0.288717	13239.2
760	0.288717	13241.2
770	0.288717	13238.1
780	0.288717	13273.1
790	0.288717	13311.4
800	0.288717	13296.4
810	0.288717	13310.1
820	0.288717	13305.3
830	0.288717	13330.7
840	0.288717	13336.3
850	0.288717	13339.5
860	0.288717	13350.5
870	0.288717	13319
880	0.288717	13324
890	0.288717	13309.6
900	0.288717	13301.5
910	0.288717	13296.2
920	0.288717	13299.6
930	0.288717	13303
940	0.288717	13271.3
950	0.288717	13306.7
960	0.288717	13304.9
970	0.288717	13319.1
980	0.288717	13300.6
990	0.288717	13300.6
1000	0.288717	13323.2
260	0.253553	13108.6
270	0.253553	13106.6
280	0.253553	13122.5
290	0.253553	13103.4
300	0.253553	13159.2
310	0.253553	13180.6
320	0.253553	13181.5
330	0.253553	13224.8
340	0.253553	13202.2
350	0.253553	13165.7
360	0.253553	13198.9
370	0.253553	13190.1
380	0.253553	13217.8
390	0.253553	13209.7
400	0.253553	13190.5
410	0.253553	13125.6
420	0.253553	13130.6
430	0.253553	13147.4
440	0.253553	13136.7
450	0.253553	13164.9
460	0.253553	13111.2
470	0.253553	13137.5
480	0.253553	13158
490	0.253553	13166.5
500	0.253553	13085.2
510	0.253553	13122
520	0.253553	13162.4
530	0.253553	13159.3
540	0.253553	13142.4
550	0.253553	13128.9
560	0.253553	13152
570	0.253553	13123.5
580	0.253553	13096.9
590	0.253553	13163.3
600	0.253553	13154.2
610	0.253553	13138
620	0.253553	13131.4
630	0.253553	13153.9
640	0.253553	13138.6
650	0.253553	13124.4
660	0.253553	13130.1
670	0.253553	13162.4
680	0.253553	13177
690	0.253553	13188.1
700	0.253553	13182.8
710	0.253553	13196.4
720	0.253553	13194.1
730	0.253553	13178.5
740	0.253553	13184
750	0.253553	13201.8
760	0.253553	13185.4
770	0.253553	13176.8
780	0.253553	13207.3
790	0.253553	13193.2
800	0.253553	13150.7
810	0.253553	13176.8
820	0.253553	13189
830	0.253553	13200.7
840	0.253553	13189.7
850	0.253553	13198.1
860	0.253553	13181.9
870	0.253553	13169.6
880	0.253553	13157.3
890	0.253553	13210
900	0.253553	13216.2
910	0.253553	13199.9
920	0.253553	13198.3
930	0.253553	13166.7
940	0.253553	13187.1
950	0.253553	13165.9
960	0.253553	13181.7
970	0.253553	13224.5
980	0.253553	13178.9
990	0.253553	13151.1
1000	0.253553	13145.9
260	0.221901	12975.1
270	0.221901	12939.7
280	0.221901	12974.1
290	0.221901	12907.1
300	0.221901	12920
310	0.221901	12937.6
320	0.221901	12924.4
330	0.221901	12929.5
340	0.221901	12950.7
350	0.221901	12907.5
360	0.221901	12914.5
370	0.221901	12903.3
380	0.221901	12948
390	0.221901	12999.7
400	0.221901	13001.5
410	0.221901	12978.9
420	0.221901	12982.9
430	0.221901	12965.6
440	0.221901	12964.6
450	0.221901	12977.9
460	0.221901	12974.8
470	0.221901	13025.3
480	0.221901	13006.5
490	0.221901	12976.2
500	0.221901	12978.2
510	0.221901	12985.9
520	0.221901	13019.7
530	0.221901	13017.6
540	0.221901	12984.9
550	0.221901	12983.3
560	0.221901	12959.3
570	0.221901	12921.2
580	0.221901	12882
590	0.221901	12947
600	0.221901	12997.8
610	0.221901	12987.7
620	0.221901	12981.6
630	0.221901	12951.1
640	0.221901	12999.3
650	0.221901	12985
660	0.221901	12962.4
670	0.221901	12940.5
680	0.221901	13004
690	0.221901	13030.5
700	0.221901	12970.2
710	0.221901	13001.3
720	0.221901	12990.1
730	0.221901	12961.8
740	0.221901	12952.9
750	0.221901	12961.7
760	0.221901	13030.3
770	0.221901	13027.8
780	0.221901	13073.2
790	0.221901	13042
800	0.221901	13038.4
810	0.221901	12965.9
820	0.221901	12958
830	0.221901	12906.1
840	0.221901	12907.8
850	0.221901	12965.7
860	0.221901	12981.5
870	0.221901	12973.2
880	0.221901	12936
890	0.221901	12961
900	0.221901	12960.6
910	0.221901	12972.6
920	0.221901	12938.9
930	0.221901	12948.9
940	0.221901	12990.4
950	0.221901	12988.1
960	0.221901	12957.3
970	0.221901	12900.8
980	0.221901	12899
990	0.221901	12935.7
1000	0.221901	12953.6
260	0.193492	12729.6
270	0.193492	12724.5
280	0.193492	12757.8
290	0.193492	12744
300	0.193492	12750.4
310	0.193492	12792.4
320	0.193492	12800.9
330	0.193492	12816.6
340	0.193492	12810.8
350	0.193492	12818.5
360	0.193492	12740.3
370	0.193492	12714
380	0.193492	12750.3
390	0.193492	12752
400	0.193492	12677.4
410	0.193492	12724.1
420	0.193492	12757.9
430	0.193492	12759.2
440	0.193492	12724.7
450	0.193492	12750.4
460	0.193492	12762.6
470	0.193492	12775.9
480	0.193492	12693.7
490	0.193492	12642.4
500	0.193492	12716.3
510	0.193492	12800.1
520	0.193492	12795.7
530	0.193492	12780.2
540	0.193492	12744.2
550	0.193492	12783.4
560	0.193492	12775.8
570	0.193492	12794.8
580	0.193492	12804.1
590	0.193492	12797.9
600	0.193492	12814.4
610	0.193492	12855.8
620	0.193492	12888.4
630	0.193492	12871
640	0.193492	12870.6
650	0.193492	12853
660	0.193492	12881.4
670	0.193492	12865.5
680	0.193492	12862
690	0.193492	12903
700	0.193492	12935.9
710	0.193492	12934.8
720	0.193492	12941.8
730	0.193492	12923
740	0.193492	12999.8
750	0.193492	12960.8
760	0.193492	12913
770	0.193492	12892.2
780	0.193492	12908.5
790	0.193492	12839.5
800	0.193492	12806.2
810	0.193492	12853.5
820	0.193492	12931.8
830	0.193492	12923.9
840	0.193492	12953.2
850	0.193492	12902.4
860	0.193492	12806.8
870	0.193492	12854.7
880	0.193492	12835.2
890	0.193492	12842.1
900	0.193492	12825.9
910	0.193492	12805.3
920	0.193492	12832.8
930	0.193492	12819.4
940	0.193492	12810.2
950	0.193492	12789.8
960	0.193492	12750.4
970	0.193492	12826.8
980	0.193492	12870.4
990	0.193492	12889.9
1000	0.193492	12895.9
260	0.16807	12531.6
270	0.16807	12555.7
280	0.16807	12553.8
290	0.16807	12588.1
300	0.16807	12638.2
310	0.16807	12582.1
320	0.16807	12627.4
330	0.16807	12565.5
340	0.16807	12549.2
350	0.16807	12558.9
360	0.16807	12584.6
370	0.16807	12585.8
380	0.16807	12647.2
390	0.16807	12721
400	0.16807	12746
410	0.16807	12743.1
420	0.16807	12859.5
430	0.16807	12857
440	0.16807	12864.3
450	0.16807	12776.5
460	0.16807	12781.6
470	0.16807	12746.7
480	0.16807	12755.6
490	0.16807	12713.7
500	0.16807	12735
510	0.16807	12742.8
520	0.16807	12702.6
530	0.16807	12751.3
540	0.16807	12705.8
550	0.16807	12727.5
560	0.16807	12659.1
570	0.16807	12699.7
580	0.16807	12660.1
590	0.16807	12707.4
600	0.16807	12726.5
610	0.16807	12678.5
620	0.16807	12704.1
630	0.16807	12659.9
640	0.16807	12657.5
650	0.16807	12631
660	0.16807	12567.2
670	0.16807	12634.9
680	0.16807	12686.2
690	0.16807	12613.2
700	0.16807	12632.8
710	0.16807	12660.7
720	0.16807	12575.3
730	0.16807	12658.9
740	0.16807	12777.4
750	0.16807	12819
760	0.16807	12836.6
770	0.16807	12841.7
780	0.16807	12787.8
790	0.16807	12788.7
800	0.16807	12792.5
810	0.16807	12707.9
820	0.16807	12656.5
830	0.16807	12635.1
840	0.16807	12614.4
850	0.16807	12658.7
860	0.16807	12657.7
870	0.16807	12660.8
880	0.16807	12698.5
890	0.16807	12707
900	0.16807	12568.6
910	0.16807	12575.5
920	0.16807	12557.4
930	0.16807	12569.4
940	0.16807	12595
950	0.16807	12602.6
960	0.16807	12603.8
970	0.16807	12563.3
980	0.16807	12551.9
990	0.16807	12536.9
1000	0.16807	12480
260	0.145393	12394.1
270	0.145393	12346.5
280	0.145393	12294
290	0.145393	12280.9
300	0.145393	12352.1
310	0.145393	12306.8
320	0.145393	12320.8
330	0.145393	12309.4
340	0.145393	12334.5
350	0.145393	12338.3
360	0.145393	12326.9
370	0.145393	12315.8
380	0.145393	12298.4
390	0.145393	12215
400	0.145393	12217.9
410	0.145393	12191.8
420	0.145393	12185.9
430	0.145393	12221.2
440	0.145393	12151.7
450	0.145393	12273.8
460	0.145393	12304.1
470	0.145393	12237.6
480	0.145393	12165.6
490	0.145393	12273.1
500	0.145393	12223.3
510	0.145393	12266.3
520	0.145393	12319.8
530	0.145393	12301.9
540	0.145393	12299.7
550	0.145393	12359.1
560	0.145393	12290.7
570	0.145393	12315.3
580	0.145393	12355.1
590	0.145393	12402
600	0.145393	12480
610	0.145393	12423.8
620	0.145393	12450.4
630	0.145393	12454.6
640	0.145393	12484.3
650	0.145393	12489.6
660	0.145393	12493.2
670	0.145393	12473.5
680	0.145393	12489.3
690	0.145393	12462.2
700	0.145393	12447
710	0.145393	12354.8
720	0.145393	12415.9
730	0.145393	12457
740	0.145393	12344.3
750	0.145393	12376.2
760	0.145393	12378.1
770	0.145393	12376.1
780	0.145393	12343.9
790	0.145393	12358
800	0.145393	12340.8
810	0.145393	12299.6
820	0.145393	12335.7
830	0.145393	12337.1
840	0.145393	12367.2
850	0.145393	12424.3
860	0.145393	12362.3
870	0.145393	12354.3
880	0.145393	12371.4
890	0.145393	12312.5
900	0.145393	12377.7
910	0.145393	12372.5
920	0.145393	12318.9
930	0.145393	12364.1
940	0.145393	12418.6
950	0.145393	12444.1
960	0.145393	12395
970	0.145393	12384.6
980	0.145393	12330.4
990	0.145393	12281
1000	0.145393	12291.9
260	0.125233	12073.5
270	0.125233	12063.3
280	0.125233	12040.6
290	0.125233	12069.1
300	0.125233	12072
310	0.125233	12079.9
320	0.125233	12104.1
330	0.125233	12106.9
340	0.125233	12080.8
350	0.125233	12087.3
360	0.125233	12055.9
370	0.125233	12129.3
380	0.125233	12128.5
390	0.125233	12197.7
400	0.125233	12274.5
410	0.125233	12224.7
420	0.125233	12267.7
430	0.125233	12216.6
440	0.125233	12295.7
450	0.125233	12280.2
460	0.125233	12195.4
470	0.125233	12020.3
480	0.125233	12157
490	0.125233	12131.5
500	0.125233	12165.7
510	0.125233	12033.7
520	0.125233	12073.5
530	0.125233	12037.2
540	0.125233	12039.1
550	0.125233	12083.7
560	0.125233	12004.9
570	0.125233	12066.2
580	0.125233	12016.2
590	0.125233	12072.7
600	0.125233	12038.6
610	0.125233	11970
620	0.125233	11972.7
630	0.125233	11908.3
640	0.125233	11901
650	0.125233	12019.6
660	0.125233	11952.9
670	0.125233	11987.3
680	0.125233	12019
690	0.125233	12011.8
700	0.125233	12027.1
710	0.125233	11991.8
720	0.125233	12005.2
730	0.125233	11926.7
740	0.125233	11908.9
750	0.125233	11939.1
760	0.125233	11934.6
770	0.125233	12030.8
780	0.125233	12034.6
790	0.125233	11990.1
800	0.125233	11992.3
810	0.125233	12065.5
820	0.125233	11993.7
830	0.125233	11970.4
840	0.125233	11975.3
850	0.125233	12046.1
860	0.125233	12086.7
870	0.125233	12102.8
880	0.125233	12125
890	0.125233	12077.8
900	0.125233	12070.9
910	0.125233	12068.2
920	0.125233	12027
930	0.125233	12033.7
940	0.125233	11993.5
950	0.125233	12102.7
960	0.125233	12049.2
970	0.125233	12037
980	0.125233	12132.1
990	0.125233	12031.4
1000	0.125233	12012.3
260	0.107374	11732.1
270	0.107374	11724.2
280	0.107374	11722.8
290	0.107374	11722.5
300	0.107374	11760.7
310	0.107374	11573.2
320	0.107374	11560.7
330	0.107374	11603.1
340	0.107374	11680.9
350	0.107374	11604.4
360	0.107374	11666.7
370	0.107374	11639.2
380	0.107374	11578.4
390	0.107374	11649.7
400	0.107374	11642.3
410	0.107374	11556.6
420	0.107374	11649.7
430	0.107374	11641.6
440	0.107374	11628.9
450	0.107374	11605.1
460	0.107374	11626.8
470	0.107374	11653.3
480	0.107374	11712.2
490	0.107374	11726.5
500	0.107374	11752.5
510	0.107374	11836.1
520	0.107374	11768.5
530	0.107374	11856.7
540	0.107374	11805.4
550	0.107374	11788.6
560	0.107374	11788.8
570	0.107374	11841.3
580	0.107374	11882.9
590	0.107374	11820.5
600	0.107374	11620
610	0.107374	11711.4
620	0.107374	11724
630	0.107374	11684.2
640	0.107374	11683.8
650	0.107374	11725.1
660	0.107374	11789.3
670	0.107374	11751.1
680	0.107374	11781.3
690	0.107374	11738.2
700	0.107374	11786.1
710	0.107374	11629.5
720	0.107374	11720.3
730	0.107374	11595
740	0.107374	11516.6
750	0.107374	11498.7
760	0.107374	11498.1
770	0.107374	11598
780	0.107374	11646.5
790	0.107374	11674.7
800	0.107374	11674.3
810	0.107374	11662.4
820	0.107374	11625
830	0.107374	11599.1
840	0.107374	11629.9
850	0.107374	11647.2
860	0.107374	11618.5
870	0.107374	11644.6
880	0.107374	11617.9
890	0.107374	11688.9
900	0.107374	11709.2
910	0.107374	11650.2
920	0.107374	11713.9
930	0.107374	11715.5
940	0.107374	11791.6
950	0.107374	11787.7
960	0.107374	11689
970	0.107374	11630.1
980	0.107374	11664.7
990	0.107374	11564.7
1000	0.107374	11599.1
260	0.0916133	11376.9
270	0.0916133	11377.6
280	0.0916133	11267
290	0.0916133	11278.7
300	0.0916133	11313.8
310	0.0916133	11307.9
320	0.0916133	11363.7
330	0.0916133	11388.4
340	0.0916133	11315.8
350	0.0916133	11383.7
360	0.0916133	11418.8
370	0.0916133	11503.3
380	0.0916133	11469.2
390	0.0916133	11571.7
400	0.0916133	11562.8
410	0.0916133	11505.8
420	0.0916133	11586.5
430	0.0916133	11551.2
440	0.0916133	11570.7
450	0.0916133	11531.4
460	0.0916133	11428.4
470	0.0916133	11402.1
480	0.0916133	11390.6
490	0.0916133	11424
500	0.0916133	11355.1
510	0.0916133	11409
520	0.0916133	11425.8
530	0.0916133	11447.8
540	0.0916133	11481.5
550	0.0916133	11501.1
560	0.0916133	11515.4
570	0.0916133	11454.8
580	0.0916133	11390.3
590	0.0916133	11358.6
600	0.0916133	11471.6
610	0.0916133	11375.5
620	0.0916133	11431.2
630	0.0916133	11393.2
640	0.0916133	11539.8
650	0.0916133	11556.9
660	0.0916133	11491.1
670	0.0916133	11504.4
680	0.0916133	11530
690	0.0916133	11551.2
700	0.0916133	11545.5
710	0.0916133	11489.7
720	0.0916133	11493.9
730	0.0916133	11498.1
740	0.0916133	11521.6
750	0.0916133	11536.9
760	0.0916133	11559.5
770	0.0916133	11623.6
780	0.0916133	11534.9
790	0.0916133	11459.3
800	0.0916133	11385.2
810	0.0916133	11388.6
820	0.0916133	11300.7
830	0.0916133	11197.6
840	0.0916133	11173.7
850	0.0916133	11150.2
860	0.0916133	11188.7
870	0.0916133	11199
880	0.0916133	11088.6
890	0.0916133	11198.5
900	0.0916133	11086
910	0.0916133	11136.5
920	0.0916133	11208.1
930	0.0916133	11131.4
940	0.0916133	11200
950	0.0916133	11211.8
960	0.0916133	11264.9
970	0.0916133	11310.3
980	0.0916133	11298.3
990	0.0916133	11233.2
1000	0.0916133	11258.8
260	0.07776	11172.7
270	0.07776	11104.4
280	0.07776	11107.3
290	0.07776	11173.7
300	0.07776	11085
310	0.07776	11097.4
320	0.07776	11258
330	0.07776	10968.2
340	0.07776	10910.2
350	0.07776	10970.4
360	0.07776	10940.5
370	0.07776	11003.1
380	0.07776	10964.5
390	0.07776	10996.1
400	0.07776	11006.9
410	0.07776	10986.6
420	0.07776	10873.6
430	0.07776	10977.1
440	0.07776	10989.1
450	0.07776	10889.1
460	0.07776	10936.5
470	0.07776	10844.7
480	0.07776	10899.9
490	0.07776	10861.9
500	0.07776	10973.2
510	0.07776	10935.5
520	0.07776	10977.7
530	0.07776	10994.4
540	0.07776	10875.7
550	0.07776	10765.2
560	0.07776	10714.7
570	0.07776	10741.3
580	0.07776	10928.9
590	0.07776	10959.4
600	0.07776	10963.5
610	0.07776	10986.4
620	0.07776	11006.2
630	0.07776	10868
640	0.07776	10800.1
650	0.07776	10900.3
660	0.07776	10909.5
670	0.07776	10901.5
680	0.07776	10883.2
690	0.07776	10892.2
700	0.07776	10959.9
710	0.07776	10760.8
720	0.07776	10826.3
730	0.07776	11045.7
740	0.07776	10965.5
750	0.07776	10985.6
760	0.07776	11067.1
770	0.07776	11118.2
780	0.07776	11050.1
790	0.07776	11092.3
800	0.07776	11049.9
810	0.07776	11096.3
820	0.07776	11201.9
830	0.07776	11146.3
840	0.07776	11217.9
850	0.07776	11191.7
860	0.07776	11145.7
870	0.07776	11143.9
880	0.07776	11148.7
890	0.07776	11208.1
900	0.07776	11110.1
910	0.07776	11093.1
920	0.07776	11061.3
930	0.07776	11100.5
940	0.07776	11145.9
950	0.07776	11060.1
960	0.07776	11094.6
970	0.07776	10932.7
980	0.07776	10977.4
990	0.07776	10958.3
1000	0.07776	10941.8
260	0.0656357	10279.9
270	0.0656357	10472.7
280	0.0656357	10521.1
290	0.0656357	10483.2
300	0.0656357	10383.7
310	0.0656357	10448.7
320	0.0656357	10431.5
330	0.0656357	10307.5
340	0.0656357	10278.2
350	0.0656357	10454.8
360	0.0656357	10342.9
370	0.0656357	10430.3
380	0.0656357	10511.2
390	0.0656357	10515.8
400	0.0656357	10516.2
410	0.0656357	10548.6
420	0.0656357	10478.1
430	0.0656357	10553.3
440	0.0656357	10565.3
450	0.0656357	10525.6
460	0.0656357	10601.6
470	0.0656357	10615.2
480	0.0656357	10649.4
490	0.0656357	10713.9
500	0.0656357	10691.4
510	0.0656357	10694.1
520	0.0656357	10683.1
530	0.0656357	10669.3
540	0.0656357	10611.3
550	0.0656357	10667.6
560	0.0656357	10708
570	0.0656357	10794.1
580	0.0656357	10673.7
590	0.0656357	10530.9
600	0.0656357	10561.9
610	0.0656357	10601.1
620	0.0656357	10542.4
630	0.0656357	10552.6
640	0.0656357	10484.3
650	0.0656357	10396.1
660	0.0656357	10412
670	0.0656357	10361.1
680	0.0656357	10474.2
690	0.0656357	10475.7
700	0.0656357	10320.6
710	0.0656357	10384.8
720	0.0656357	10319.8
730	0.0656357	10448.2
740	0.0656357	10460
750	0.0656357	10508.6
760	0.0656357	10548.2
770	0.0656357	10623.7
780	0.0656357	10656.9
790	0.0656357	10550.5
800	0.0656357	10542.7
810	0.0656357	10606.4
820	0.0656357	10549.3
830	0.0656357	10677.4
840	0.0656357	10647.7
850	0.0656357	10597.4
860	0.0656357	10505.1
870	0.0656357	10542.2
880	0.0656357	10654.5
890	0.0656357	10630.9
900	0.0656357	10537.2
910	0.0656357	10592.7
920	0.0656357	10521.1
930	0.0656357	10574.3
940	0.0656357	10526.9
950	0.0656357	10565.7
960	0.0656357	10593.1
970	0.0656357	10621.9
980	0.0656357	10516.8
990	0.0656357	10450.8
1000	0.0656357	10496.6
260	0.0550732	10106.4
270	0.0550732	10253.9
280	0.0550732	10204.9
290	0.0550732	10246.1
300	0.0550732	10253
310	0.0550732	10362.4
320	0.0550732	10388.5
330	0.0550732	10341.4
340	0.0550732	10532.5
350	0.0550732	10533.6
360	0.0550732	10299.3
370	0.0550732	10326.2
380	0.0550732	10219.4
390	0.0550732	10118.7
400	0.0550732	10087.3
410	0.0550732	10021.1
420	0.0550732	10063.4
430	0.0550732	10046.3
440	0.0550732	10170.4
450	0.0550732	10126.4
460	0.0550732	10118.8
470	0.0550732	10068.5
480	0.0550732	10054.8
490	0.0550732	10104.3
500	0.0550732	9946.2
510	0.0550732	10074.4
520	0.0550732	10100.1
530	0.0550732	10008.3
540	0.0550732	10092.2
550	0.0550732	10132
560	0.0550732	10215.9
570	0.0550732	10201.1
580	0.0550732	10244.4
590	0.0550732	10420.1
600	0.0550732	10328.3
610	0.0550732	10334.7
620	0.0550732	10288
630	0.0550732	10277.7
640	0.0550732	10338
650	0.0550732	10434.1
660	0.0550732	10382.6
670	0.0550732	10275.1
680	0.0550732	10316.3
690	0.0550732	10277.8
700	0.0550732	10080.2
710	0.0550732	10041.6
720	0.0550732	10099.1
730	0.0550732	10160.9
740	0.0550732	10069.8
750	0.0550732	10207.9
760	0.0550732	10400.7
770	0.0550732	10384
780	0.0550732	10382
790	0.0550732	10243.5
800	0.0550732	10230.1
810	0.0550732	10212.9
820	0.0550732	10239.9
830	0.0550732	10300.3
840	0.0550732	10152.6
850	0.0550732	10114
860	0.0550732	10213.3
870	0.0550732	10037.2
880	0.0550732	10260.1
890	0.0550732	10264.9
900	0.0550732	10416.8
910	0.0550732	10387.6
920	0.0550732	10325.9
930	0.0550732	10403.3
940	0.0550732	10230.5
950	0.0550732	10117.2
960	0.0550732	10041.9
970	0.0550732	10063.8
980	0.0550732	10070.8
990	0.0550732	10173.5
1000	0.0550732	10181.7
260	0.0459165	9525.91
270	0.0459165	9467.53
280	0.0459165	9544.53
290	0.0459165	9497.93
300	0.0459165	9625.06
310	0.0459165	9572
320	0.0459165	9505.35
330	0.0459165	9319.6
340	0.0459165	9542.17
350	0.0459165	9664.2
360	0.0459165	9657.85
370	0.0459165	9823.65
380	0.0459165	9814.47
390	0.0459165	9820.85
400	0.0459165	9752.69
410	0.0459165	9712.67
420	0.0459165	9690.23
430	0.0459165	9664.05
440	0.0459165	9699.07
450	0.0459165	9756.25
460	0.0459165	9760.5
470	0.0459165	9755.75
480	0.0459165	9798.49
490	0.0459165	9692.58
500	0.0459165	9840.76
510	0.0459165	9906.75
520	0.0459165	10048.8
530	0.0459165	9847.95
540	0.0459165	9709.62
550	0.0459165	9978.48
560	0.0459165	9818.67
570	0.0459165	9803.78
580	0.0459165	9557.28
590	0.0459165	9589.85
600	0.0459165	9393.74
610	0.0459165	9713.2
620	0.0459165	9681.94
630	0.0459165	9758.11
640	0.0459165	9706.17
650	0.0459165	9741.24
660	0.0459165	9683.02
670	0.0459165	9602.37
680	0.0459165	9501.06
690	0.0459165	9757.53
700	0.0459165	9703.21
710	0.0459165	9731.24
720	0.0459165	9835.73
730	0.0459165	9675.96
740	0.0459165	9763.01
750	0.0459165	9633.48
760	0.0459165	9748.13
770	0.0459165	9688.94
780	0.0459165	9722.24
790	0.0459165	9684.16
800	0.0459165	9877.29
810	0.0459165	9792.45
820	0.0459165	9531
830	0.0459165	9584.84
840	0.0459165	9708.61
850	0.0459165	9632.93
860	0.0459165	9781.03
870	0.0459165	9762.16
880	0.0459165	9833.76
890	0.0459165	9597.81
900	0.0459165	9457.31
910	0.0459165	9448.83
920	0.0459165	9570.91
930	0.0459165	9400.8
940	0.0459165	9451.99
950	0.0459165	9445.98
960	0.0459165	9474.87
970	0.0459165	9445.62
980	0.0459165	9492.62
990	0.0459165	9550.78
1000	0.0459165	9700.42
260	0.0380204	9233.97
270	0.0380204	9078.16
280	0.0380204	9186.19
290	0.0380204	9234.01
300	0.0380204	9151.97
310	0.0380204	9162.24
320	0.0380204	9363.6
330	0.0380204	9202.91
340	0.0380204	8974.39
350	0.0380204	9020.82
360	0.0380204	8864.37
370	0.0380204	8822.14
380	0.0380204	8790.46
390	0.0380204	8845.33
400	0.0380204	9128.2
410	0.0380204	8874.88
420	0.0380204	9016.83
430	0.0380204	9045.38
440	0.0380204	8935.79
450	0.0380204	8948.25
460	0.0380204	9155.58
470	0.0380204	9177.43
480	0.0380204	8888.02
490	0.0380204	9051.69
500	0.0380204	9019.47
510	0.0380204	9108.81
520	0.0380204	9096.35
530	0.0380204	9054.01
540	0.0380204	9097.67
550	0.0380204	9106.02
560	0.0380204	9058.38
570	0.0380204	8910.7
580	0.0380204	8871.34
590	0.0380204	9228.44
600	0.0380204	9026.19
610	0.0380204	9231.23
620	0.0380204	9186.71
630	0.0380204	9183.86
640	0.0380204	9176.33
650	0.0380204	9304.63
660	0.0380204	9196.37
670	0.0380204	9300.61
680	0.0380204	9326.95
690	0.0380204	9291.08
700	0.0380204	9345.94
710	0.0380204	9104.57
720	0.0380204	9139.83
730	0.0380204	9411.29
740	0.0380204	9385.34
750	0.0380204	9284.42
760	0.0380204	9319.38
770	0.0380204	9397.72
780	0.0380204	9668.85
790	0.0380204	9548.95
800	0.0380204	9375.27
810	0.0380204	9375.44
820	0.0380204	9328.46
830	0.0380204	9444.48
840	0.0380204	9574.88
850	0.0380204	9446.37
860	0.0380204	9423.68
870	0.0380204	9578.39
880	0.0380204	9637.34
890	0.0380204	9525.19
900	0.0380204	9475.28
910	0.0380204	9377.25
920	0.0380204	9215.32
930	0.0380204	9462.91
940	0.0380204	9586.47
950	0.0380204	9602.32
960	0.0380204	9426.62
970	0.0380204	9523.98
980	0.0380204	9655.04
990	0.0380204	9708.31
1000	0.0380204	9658.53
260	0.03125	9221.34
270	0.03125	9088
280	0.03125	9052.59
290	0.03125	9087.65
300	0.03125	8809.73
310	0.03125	9022.34
320	0.03125	9215.15
330	0.03125	9244.73
340	0.03125	9337.56
350	0.03125	9341.95
360	0.03125	9337.97
370	0.03125	9269.57
380	0.03125	8873.81
390	0.03125	8929.2
400	0.03125	9021.3
410	0.03125	9077.18
420	0.03125	9076
430	0.03125	9172.79
440	0.03125	8954.08
450	0.03125	9247.92
460	0.03125	9107.83
470	0.03125	9003.17
480	0.03125	9096.32
490	0.03125	9113.66
500	0.03125	9199.38
510	0.03125	9006.67
520	0.03125	8947.16
530	0.03125	8956.86
540	0.03125	8658.54
550	0.03125	8735.35
560	0.03125	8907.8
570	0.03125	8830.73
580	0.03125	8817.42
590	0.03125	8756.71
600	0.03125	8820.82
610	0.03125	8721.97
620	0.03125	8727.83
630	0.03125	8730.75
640	0.03125	8809.65
650	0.03125	8765.99
660	0.03125	8626.77
670	0.03125	8903.58
680	0.03125	9077.66
690	0.03125	9219.26
700	0.03125	9325.87
710	0.03125	8859.04
720	0.03125	8722.62
730	0.03125	8750.97
740	0.03125	8853.35
750	0.03125	9191.83
760	0.03125	9053.39
770	0.03125	9018.82
780	0.03125	9184.98
790	0.03125	9244.7
800	0.03125	9191.14
810	0.03125	9196.06
820	0.03125	9375.56
830	0.03125	9155.95
840	0.03125	9192.9
850	0.03125	9054.91
860	0.03125	9071.35
870	0.03125	9039.82
880	0.03125	8791.8
890	0.03125	8672.61
900	0.03125	8746.44
910	0.03125	8894.99
920	0.03125	8703.73
930	0.03125	8760.48
940	0.03125	8521.26
950	0.03125	8742.13
960	0.03125	8853.2
970	0.03125	8976.34
980	0.03125	8894.05
990	0.03125	8779.8
1000	0.03125	8951.9
260	0.0254804	8522.34
270	0.0254804	8622.94
280	0.0254804	8574.62
290	0.0254804	8914.51
300	0.0254804	8741.52
310	0.0254804	8615.47
320	0.0254804	8874.01
330	0.0254804	8993.9
340	0.0254804	8752.4
350	0.0254804	8644.19
360	0.0254804	8962.8
370	0.0254804	8846.69
380	0.0254804	8749.13
390	0.0254804	8667.43
400	0.0254804	8718.29
410	0.0254804	8719.58
420	0.0254804	8658.09
430	0.0254804	8588.9
440	0.0254804	8660.02
450	0.0254804	8724.65
460	0.0254804	8642.06
470	0.0254804	8473.85
480	0.0254804	8494.93
490	0.0254804	8460.41
500	0.0254804	8550.87
510	0.0254804	8406.72
520	0.0254804	8409.22
530	0.0254804	8188.99
540	0.0254804	8404.15
550	0.0254804	8486.77
560	0.0254804	8499.04
570	0.0254804	8541.96
580	0.0254804	8453.01
590	0.0254804	8565.77
600	0.0254804	8713.59
610	0.0254804	8685.58
620	0.0254804	8281.83
630	0.0254804	8725.99
640	0.0254804	8694.25
650	0.0254804	8592.75
660	0.0254804	8731.33
670	0.0254804	8572.95
680	0.0254804	8542.93
690	0.0254804	8420.55
700	0.0254804	8675.57
710	0.0254804	8798.09
720	0.0254804	8468.86
730	0.0254804	8377.65
740	0.0254804	8250.49
750	0.0254804	8482.19
760	0.0254804	8534.98
770	0.0254804	8671.54
780	0.0254804	8575.53
790	0.0254804	8674.41
800	0.0254804	8853.53
810	0.0254804	8885.2
820	0.0254804	8791.63
830	0.0254804	8758.94
840	0.0254804	8698.69
850	0.0254804	8775.12
860	0.0254804	8520.46
870	0.0254804	8433.42
880	0.0254804	8548.63
890	0.0254804	8792.26
900	0.0254804	8812.09
910	0.0254804	8936.95
920	0.0254804	8706.55
930	0.0254804	8926.7
940	0.0254804	8941.91
950	0.0254804	8877.96
960	0.0254804	9001.96
970	0.0254804	8710.61
980	0.0254804	8818
990	0.0254804	8875.58
1000	0.0254804	8842.84
260	0.0205963	8357.17
270	0.0205963	8607.13
280	0.0205963	8411.33
290	0.0205963	8632.38
300	0.0205963	8486
310	0.0205963	8024.22
320	0.0205963	8156.64
330	0.0205963	8169.08
340	0.0205963	8356.12
350	0.0205963	8436.58
360	0.0205963	8348.52
370	0.0205963	8363.23
380	0.0205963	8557.17
390	0.0205963	8472.78
400	0.0205963	8289.98
410	0.0205963	8233.64
420	0.0205963	8066.52
430	0.0205963	8102.91
440	0.0205963	8024.32
450	0.0205963	8277.9
460	0.0205963	7965.32
470	0.0205963	8178.58
480	0.0205963	8522.75
490	0.0205963	8317.67
500	0.0205963	8403.67
510	0.0205963	8448.43
520	0.0205963	8533.45
530	0.0205963	8325.04
540	0.0205963	8290.52
550	0.0205963	8010.21
560	0.0205963	7765.74
570	0.0205963	7933.49
580	0.0205963	8046.34
590	0.0205963	8058.17
600	0.0205963	8239.72
610	0.0205963	8554.56
620	0.0205963	8650.55
630	0.0205963	8625.07
640	0.0205963	8528.92
650	0.0205963	8338.28
660	0.0205963	8367.37
670	0.0205963	8507.75
680	0.0205963	8454.32
690	0.0205963	8552.48
700	0.0205963	8162.29
710	0.0205963	8545.33
720	0.0205963	8336.99
730	0.0205963	8208.46
740	0.0205963	7874.28
750	0.0205963	7767.85
760	0.0205963	7996.63
770	0.0205963	8332.96
780	0.0205963	8375.95
790	0.0205963	8267.62
800	0.0205963	8075.79
810	0.0205963	8259.74
820	0.0205963	8138.8
830	0.0205963	8187.37
840	0.0205963	8470.26
850	0.0205963	8335.7
860	0.0205963	8385.02
870	0.0205963	8469.05
880	0.0205963	8603.48
890	0.0205963	8482.93
900	0.0205963	8311.02
910	0.0205963	8249.94
920	0.0205963	8217.96
930	0.0205963	8403.28
940	0.0205963	8410.69
950	0.0205963	8204.07
960	0.0205963	8255.96
970	0.0205963	8337.93
980	0.0205963	8328.72
990	0.0205963	8636.4
1000	0.0205963	8814.34
260	0.0164916	8359.41
270	0.0164916	8286.96
280	0.0164916	8300.55
290	0.0164916	8045.24
300	0.0164916	8050.49
310	0.0164916	7702.12
320	0.0164916	7821.83
330	0.0164916	8176.86
340	0.0164916	8070.18
350	0.0164916	7695.29
360	0.0164916	8105.75
370	0.0164916	8075.52
380	0.0164916	8147.76
390	0.0164916	7833.53
400	0.0164916	8162.03
410	0.0164916	8280.09
420	0.0164916	8120.27
430	0.0164916	8071.99
440	0.0164916	8120.18
450	0.0164916	8233.94
460	0.0164916	7883.28
470	0.0164916	7906.11
480	0.0164916	8496.62
490	0.0164916	8422.57
500	0.0164916	8583.57
510	0.0164916	8358.78
520	0.0164916	8455.55
530	0.0164916	8329.96
540	0.0164916	8256.68
550	0.0164916	8384.72
560	0.0164916	8146.21
570	0.0164916	8403.25
580	0.0164916	8479.31
590	0.0164916	8491.71
600	0.0164916	8429.57
610	0.0164916	8485.22
620	0.0164916	7986.89
630	0.0164916	8289.63
640	0.0164916	8362.48
650	0.0164916	8662.12
660	0.0164916	8614.05
670	0.0164916	8773.2
680	0.0164916	8268.38
690	0.0164916	8181.63
700	0.0164916	7736.53
710	0.0164916	7649.12
720	0.0164916	8062.27
730	0.0164916	8197.76
740	0.0164916	8289.76
750	0.0164916	8252.81
760	0.0164916	8005.45
770	0.0164916	8149.68
780	0.0164916	8326.35
790	0.0164916	7899.95
800	0.0164916	7898.38
810	0.0164916	8070.93
820	0.0164916	8025.03
830	0.0164916	8160.62
840	0.0164916	8242.22
850	0.0164916	8205.01
860	0.0164916	8039.69
870	0.0164916	8047.47
880	0.0164916	8200.66
890	0.0164916	7934.97
900	0.0164916	8089.69
910	0.0164916	8168.18
920	0.0164916	7993.1
930	0.0164916	8159.05
940	0.0164916	8241.11
950	0.0164916	8184.24
960	0.0164916	8197.97
970	0.0164916	8152.81
980	0.0164916	8215.58
990	0.0164916	8147.05
1000	0.0164916	8237.43
260	0.0130691	8011.25
270	0.0130691	8029.35
280	0.0130691	8272.41
290	0.0130691	7885.72
300	0.0130691	7706.18
310	0.0130691	8098.66
320	0.0130691	7982.37
330	0.0130691	8091.14
340	0.0130691	8122.31
350	0.0130691	8184.83
360	0.0130691	8368.43
370	0.0130691	8154.05
380	0.0130691	7996.24
390	0.0130691	8052.34
400	0.0130691	7685.88
410	0.0130691	8050.73
420	0.0130691	7641.96
430	0.0130691	8199.18
440	0.0130691	7826.88
450	0.0130691	7651.07
460	0.0130691	8033.38
470	0.0130691	7984.68
480	0.0130691	7863.38
490	0.0130691	7895.83
500	0.0130691	7916.02
510	0.0130691	7853.87
520	0.0130691	7556.92
530	0.0130691	7716.95
540	0.0130691	7750.96
550	0.0130691	7596.38
560	0.0130691	7506.34
570	0.0130691	7464.52
580	0.0130691	7429.13
590	0.0130691	7827.07
600	0.0130691	7726.11
610	0.0130691	7717.47
620	0.0130691	7934.04
630	0.0130691	7844.67
640	0.0130691	7957.33
650	0.0130691	7728.56
660	0.0130691	7858.55
670	0.0130691	8175.81
680	0.0130691	8267.18
690	0.0130691	8193.21
700	0.0130691	7721.69
710	0.0130691	7655.13
720	0.0130691	7977.51
730	0.0130691	7590.28
740	0.0130691	7242.88
750	0.0130691	7626.45
760	0.0130691	8176.49
770	0.0130691	8200.45
780	0.0130691	7861.98
790	0.0130691	7876.36
800	0.0130691	8084.16
810	0.0130691	7979.83
820	0.0130691	7866.62
830	0.0130691	7494.88
840	0.0130691	7777.1
850	0.0130691	7922.9
860	0.0130691	7975.59
870	0.0130691	7729.49
880	0.0130691	7812.7
890	0.0130691	7792.69
900	0.0130691	7468.69
910	0.0130691	7616.75
920	0.0130691	8118.98
930	0.0130691	8191.19
940	0.0130691	7948.43
950	0.0130691	7668.64
960	0.0130691	7651.37
970	0.0130691	7682.89
980	0.0130691	7784
990	0.0130691	8238.96
1000	0.0130691	7963.94
260	0.01024	7730.11
270	0.01024	7637.69
280	0.01024	7666.91
290	0.01024	7846.11
300	0.01024	7925.29
310	0.01024	7758.21
320	0.01024	8077.89
330	0.01024	7721.17
340	0.01024	7720.66
350	0.01024	8003.46
360	0.01024	7294.94
370	0.01024	7792.23
380	0.01024	7247.33
390	0.01024	7097.32
400	0.01024	7494.54
410	0.01024	7345.95
420	0.01024	7515.84
430	0.01024	7590.76
440	0.01024	7415.82
450	0.01024	7370.18
460	0.01024	7479.76
470	0.01024	7969.27
480	0.01024	7775.14
490	0.01024	7865.38
500	0.01024	8255.01
510	0.01024	7684.61
520	0.01024	7784.73
530	0.01024	7447.7
540	0.01024	7748.95
550	0.01024	8007.97
560	0.01024	7743.68
570	0.01024	7950.5
580	0.01024	7912.61
590	0.01024	7949.21
600	0.01024	7915.82
610	0.01024	7768.8
620	0.01024	7983.72
630	0.01024	7525.63
640	0.01024	7678.61
650	0.01024	7703.63
660	0.01024	7679.95
670	0.01024	7699.78
680	0.01024	7253.2
690	0.01024	7402.89
700	0.01024	7585.45
710	0.01024	7306
720	0.01024	7698.18
730	0.01024	7217.11
740	0.01024	7649.16
750	0.01024	7830.05
760	0.01024	8070.72
770	0.01024	8273.39
780	0.01024	8198.02
790	0.01024	7821.24
800	0.01024	7763.2
810	0.01024	7492.21
820	0.01024	7918.57
830	0.01024	8004.55
840	0.01024	7444.81
850	0.01024	7347.26
860	0.01024	7888.07
870	0.01024	7109.34
880	0.01024	7275.65
890	0.01024	7664.86
900	0.01024	7333.92
910	0.01024	7714.99
920	0.01024	7615.45
930	0.01024	7578.69
940	0.01024	7519.61
950	0.01024	7529.63
960	0.01024	7380.45
970	0.01024	7847.47
980	0.01024	7796.22
990	0.01024	7681.24
1000	0.01024	7693.7
260	0.00792352	7509.22
270	0.00792352	7601.28
280	0.00792352	7743.74
290	0.00792352	7626.69
300	0.00792352	7088.32
310	0.00792352	7271.93
320	0.00792352	7426.15
330	0.00792352	7141.81
340	0.00792352	7354.92
350	0.00792352	7389.51
360	0.00792352	7463.41
370	0.00792352	7680.29
380	0.00792352	7777.69
390	0.00792352	7589.2
400	0.00792352	7478.46
410	0.00792352	7420.54
420	0.00792352	8028.08
430	0.00792352	7784.59
440	0.00792352	7787.81
450	0.00792352	7741.41
460	0.00792352	8035.04
470	0.00792352	7996.77
480	0.00792352	7743.65
490	0.00792352	7679.88
500	0.00792352	8005.18
510	0.00792352	7929.78
520	0.00792352	7795.48
530	0.00792352	7671.74
540	0.00792352	8098.82
550	0.00792352	8078.89
560	0.00792352	7883.79
570	0.00792352	7809.1
580	0.00792352	7804.57
590	0.00792352	7488.89
600	0.00792352	7565.49
610	0.00792352	7386.84
620	0.00792352	6907.96
630	0.00792352	7052.97
640	0.00792352	7293.3
650	0.00792352	7359.37
660	0.00792352	7270.3
670	0.00792352	7019.3
680	0.00792352	7084.14
690	0.00792352	6869.86
700	0.00792352	7334.2
710	0.00792352	7351.63
720	0.00792352	7437.51
730	0.00792352	7381.58
740	0.00792352	7948.85
750	0.00792352	7805.95
760	0.00792352	7615.85
770	0.00792352	7184.36
780	0.00792352	7252.53
790	0.00792352	7464.07
800	0.00792352	7836.8
810	0.00792352	7872.03
820	0.00792352	7750.68
830	0.00792352	7261.62
840	0.00792352	7424.32
850	0.00792352	7535.27
860	0.00792352	8026.95
870	0.00792352	8110.71
880	0.00792352	7844.68
890	0.00792352	7795.61
900	0.00792352	7894.43
910	0.00792352	7537.63
920	0.00792352	7662.02
930	0.00792352	7275.54
940	0.00792352	7390.96
950	0.00792352	7475.09
960	0.00792352	7294.66
970	0.00792352	7488.26
980	0.00792352	6973.27
990	0.00792352	7348.81
1000	0.00792352	7245.26
260	0.00604662	7249.57
270	0.00604662	7598.21
280	0.00604662	7701.21
290	0.00604662	7462.08
300	0.00604662	7310.16
310	0.00604662	7193.45
320	0.00604662	6743.84
330	0.00604662	7075.29
340	0.00604662	6467.63
350	0.00604662	7045.75
360	0.00604662	6830.81
370	0.00604662	7445.76
380	0.00604662	7360.63
390	0.00604662	7762.2
400	0.00604662	8023.37
410	0.00604662	6936.26
420	0.00604662	7227.7
430	0.00604662	7548.87
440	0.00604662	7245.56
450	0.00604662	7517.5
460	0.00604662	7814.19
470	0.00604662	7131.7
480	0.00604662	7610.23
490	0.00604662	7486.1
500	0.00604662	7484.48
510	0.00604662	7291.71
520	0.00604662	8091.79
530	0.00604662	7671.33
540	0.00604662	7365.95
550	0.00604662	7726.88
560	0.00604662	7023.87
570	0.00604662	7521.41
580	0.00604662	6595.52
590	0.00604662	7302.61
600	0.00604662	7706.31
610	0.00604662	7543.86
620	0.00604662	7205.76
630	0.00604662	7172.43
640	0.00604662	7265.54
650	0.00604662	7316.25
660	0.00604662	7137.55
670	0.00604662	6981.07
680	0.00604662	6439.58
690	0.00604662	7288.66
700	0.00604662	7447.42
710	0.00604662	7719.25
720	0.00604662	7996.09
730	0.00604662	7965.58
740	0.00604662	7808.41
750	0.00604662	7427.93
760	0.00604662	7778.15
770	0.00604662	7447.22
780	0.00604662	7443.24
790	0.00604662	7289.67
800	0.00604662	7137.57
810	0.00604662	7219.18
820	0.00604662	7338.63
830	0.00604662	6847.31
840	0.00604662	6537.83
850	0.00604662	6725.76
860	0.00604662	7319.25
870	0.00604662	7281.62
880	0.00604662	7416.18
890	0.00604662	7483.9
900	0.00604662	7482.77
910	0.00604662	7677.99
920	0.00604662	7629.33
930	0.00604662	7773.11
940	0.00604662	7533.13
950	0.00604662	6975.53
960	0.00604662	7144.92
970	0.00604662	7996.84
980	0.00604662	7860.17
990	0.00604662	7741.73
1000	0.00604662	7364.69
260	0.00454354	7924.44
270	0.00454354	6565.28
280	0.00454354	6940.19
290	0.00454354	7338.85
300	0.00454354	7399.94
310	0.00454354	7442.72
320	0.00454354	7381.41
330	0.00454354	7563.6
340	0.00454354	7300.47
350	0.00454354	6452.83
360	0.00454354	6800.23
370	0.00454354	7067.1
380	0.00454354	7085.84
390	0.00454354	6730.71
400	0.00454354	6693.53
410	0.00454354	7384.37
420	0.00454354	7627.06
430	0.00454354	7673.27
440	0.00454354	7799.84
450	0.00454354	7541.99
460	0.00454354	7008.68
470	0.00454354	6571.13
480	0.00454354	6774.95
490	0.00454354	7518.02
500	0.00454354	6763.79
510	0.00454354	7200.74
520	0.00454354	7095.66
530	0.00454354	7426.72
540	0.00454354	7246.44
550	0.00454354	7036.12
560	0.00454354	7234.76
570	0.00454354	6823.13
580	0.00454354	7193.02
590	0.00454354	6823.12
600	0.00454354	6824.74
610	0.00454354	6878.7
620	0.00454354	7279.92
630	0.00454354	6558.22
640	0.00454354	7113.66
650	0.00454354	7089.21
660	0.00454354	6814.44
670	0.00454354	7464.44
680	0.00454354	6978.23
690	0.00454354	7110.28
700	0.00454354	6619.55
710	0.00454354	6478.04
720	0.00454354	6866.47
730	0.00454354	7277.87
740	0.00454354	7493.25
750	0.00454354	7313.81
760	0.00454354	7460.46
770	0.00454354	6942.07
780	0.00454354	7535.34
790	0.00454354	7540.12
800	0.00454354	6976.04
810	0.00454354	7643.84
820	0.00454354	7334.99
830	0.00454354	6278.12
840	0.00454354	7468.59
850	0.00454354	7156.98
860	0.00454354	6804.18
870	0.00454354	7470.77
880	0.00454354	7761.97
890	0.00454354	7589.53
900	0.00454354	7063.16
910	0.00454354	6812.12
920	0.00454354	7076.68
930	0.00454354	6901.46
940	0.00454354	6924.09
950	0.00454354	6359.42
960	0.00454354	6312.02
970	0.00454354	7042.65
980	0.00454354	7212.15
990	0.00454354	7407.12
1000	0.00454354	6615.22
260	0.00335544	7497.2
270	0.00335544	7795.98
280	0.00335544	7181.91
290	0.00335544	7547.84
300	0.00335544	7435.31
310	0.00335544	7434.01
320	0.00335544	7284.49
330	0.00335544	7029.11
340	0.00335544	7557.92
350	0.00335544	7201.43
360	0.00335544	5796.46
370	0.00335544	6860.39
380	0.00335544	6580.55
390	0.00335544	7440.18
400	0.00335544	6588.53
410	0.00335544	6950.78
420	0.00335544	6644.4
430	0.00335544	6838.34
440	0.00335544	6982.65
450	0.00335544	7530.81
460	0.00335544	6423.37
470	0.00335544	6721.42
480	0.00335544	6141.65
490	0.00335544	6802.72
500	0.00335544	6925
510	0.00335544	7196.9
520	0.00335544	7011.26
530	0.00335544	7068.27
540	0.00335544	7057.7
550	0.00335544	6596.76
560	0.00335544	7195.89
570	0.00335544	7057.5
580	0.00335544	6457.14
590	0.00335544	7258.07
600	0.00335544	7055.55
610	0.00335544	7429.64
620	0.00335544	7205.72
630	0.00335544	7384.84
640	0.00335544	7016.09
650	0.00335544	7139.42
660	0.00335544	6734.18
670	0.00335544	6401.03
680	0.00335544	7209.28
690	0.00335544	7033.99
700	0.00335544	7237.61
710	0.00335544	7752.6
720	0.00335544	7509.57
730	0.00335544	7173.71
740	0.00335544	6640.54
750	0.00335544	6992.07
760	0.00335544	7172.79
770	0.00335544	7012.12
780	0.00335544	7251.79
790	0.00335544	6800.43
800	0.00335544	6740.74
810	0.00335544	6841.29
820	0.00335544	7338.42
830	0.00335544	6514.79
840	0.00335544	7032.18
850	0.00335544	7516.63
860	0.00335544	6710.69
870	0.00335544	7664.59
880	0.00335544	6987.41
890	0.00335544	6798.22
900	0.00335544	7130.96
910	0.00335544	6858.75
920	0.00335544	7069.23
930	0.00335544	6700.65
940	0.00335544	6535.24
950	0.00335544	5815.33
960	0.00335544	5938.37
970	0.00335544	5513.44
980	0.00335544	6633.86
990	0.00335544	6365.58
1000	0.00335544	6681.65
260	0.00243	6949.38
270	0.00243	6873.44
280	0.00243	7159.8
290	0.00243	6118.2
300	0.00243	5671.82
310	0.00243	6441.82
320	0.00243	6796.54
330	0.00243	6109.37
340	0.00243	6006.66
350	0.00243	5872.53
360	0.00243	6270.42
370	0.00243	7020.21
380	0.00243	6513.79
390	0.00243	5982.56
400	0.00243	6829.87
410	0.00243	6091.01
420	0.00243	4966.91
430	0.00243	6856.12
440	0.00243	6849.57
450	0.00243	6861.66
460	0.00243	6830.96
470	0.00243	6989.42
480	0.00243	5475.05
490	0.00243	6876.25
500	0.00243	7092.39
510	0.00243	6586.19
520	0.00243	4639.51
530	0.00243	5821.86
540	0.00243	6351.02
550	0.00243	6648.16
560	0.00243	7273.99
570	0.00243	6440.01
580	0.00243	6168.16
590	0.00243	7410.63
600	0.00243	6662.79
610	0.00243	6675.83
620	0.00243	6577.08
630	0.00243	7060.6
640	0.00243	7535.88
650	0.00243	6997.68
660	0.00243	5763.61
670	0.00243	6797.89
680	0.00243	6222.61
690	0.00243	5487.98
700	0.00243	6346.61
710	0.00243	6373.11
720	0.00243	4925.77
730	0.00243	6189.64
740	0.00243	6009.35
750	0.00243	6692.47
760	0.00243	6358.85
770	0.00243	6138.2
780	0.00243	6506.32
790	0.00243	6661.35
800	0.00243	6780.74
810	0.00243	5379.1
820	0.00243	6764.8
830	0.00243	5951.57
840	0.00243	6126.63
850	0.00243	6818.53
860	0.00243	6418.67
870	0.00243	6971.23
880	0.00243	7040.05
890	0.00243	6293.96
900	0.00243	7160.79
910	0.00243	6180.98
920	0.00243	6217.55
930	0.00243	7573.58
940	0.00243	6466.78
950	0.00243	5706.63
960	0.00243	6981.31
970	0.00243	7312.5
980	0.00243	6308.23
990	0.00243	7068.89
1000	0.00243	7017.69
260	0.00172104	5521.54
270	0.00172104	6606.7
280	0.00172104	6945.07
290	0.00172104	5145.94
300	0.00172104	6155.17
310	0.00172104	6719.59
320	0.00172104	7116.91
330	0.00172104	6854.9
340	0.00172104	7362.67
350	0.00172104	7032.59
360	0.00172104	5737.15
370	0.00172104	5531.04
380	0.00172104	6071.84
390	0.00172104	7350.25
400	0.00172104	6194.71
410	0.00172104	6033.67
420	0.00172104	6318.05
430	0.00172104	6778.25
440	0.00172104	5899.56
450	0.00172104	7019.85
460	0.00172104	7094.39
470	0.00172104	6217.07
480	0.00172104	5950.6
490	0.00172104	6527.52
500	0.00172104	7657.48
510	0.00172104	5996.34
520	0.00172104	4800.83
530	0.00172104	5779.06
540	0.00172104	5877.04
550	0.00172104	6045.14
560	0.00172104	6016.35
570	0.00172104	6698.43
580	0.00172104	7416.56
590	0.00172104	7405.87
600	0.00172104	6477.28
610	0.00172104	4019.62
620	0.00172104	5998.76
630	0.00172104	6179.86
640	0.00172104	6035.67
650	0.00172104	3777.59
660	0.00172104	7065.5
670	0.00172104	7308.97
680	0.00172104	5547.64
690	0.00172104	5823.23
700	0.00172104	6464.95
710	0.00172104	6837.82
720	0.00172104	6406.69
730	0.00172104	6267.81
740	0.00172104	6244.64
750	0.00172104	5491.64
760	0.00172104	5040.4
770	0.00172104	5205.29
780	0.00172104	4586.03
790	0.00172104	5858.55
800	0.00172104	6852.3
810	0.00172104	5856.39
820	0.00172104	5906.34
830	0.00172104	4803.53
840	0.00172104	4523.68
850	0.00172104	5676.73
860	0.00172104	4357.34
870	0.00172104	6585.09
880	0.00172104	6646.76
890	0.00172104	4163.57
900	0.00172104	5187.75
910	0.00172104	6913.76
920	0.00172104	6754.8
930	0.00172104	7658.66
940	0.00172104	7018.79
950	0.00172104	6014.43
960	0.00172104	6855.02
970	0.00172104	6193.02
980	0.00172104	6008.44
990	0.00172104	7222.62
1000	0.00172104	5376.25
260	0.00118814	6942.63
270	0.00118814	7196.37
280	0.00118814	6576.29
290	0.00118814	6010.7
300	0.00118814	5962.98
310	0.00118814	4327.96
320	0.00118814	5118.37
330	0.00118814	5317.92
340	0.00118814	5464.86
350	0.00118814	6225.15
360	0.00118814	6794.85
370	0.00118814	6688.96
380	0.00118814	5905.74
390	0.00118814	5462.98
400	0.00118814	5788.98
410	0.00118814	5255.63
420	0.00118814	5739.13
430	0.00118814	4095.89
440	0.00118814	6530.51
450	0.00118814	6261.68
460	0.00118814	5247.1
470	0.00118814	6068.59
480	0.00118814	5531.15
490	0.00118814	4652.69
500	0.00118814	4921.67
510	0.00118814	5544.21
520	0.00118814	6680.97
530	0.00118814	5515.39
540	0.00118814	5232.89
550	0.00118814	7609.17
560	0.00118814	4621.89
570	0.00118814	7022.4
580	0.00118814	5644.67
590	0.00118814	5117.76
600	0.00118814	6973.3
610	0.00118814	6628.44
620	0.00118814	6988.24
630	0.00118814	7186.91
640	0.00118814	5028.36
650	0.00118814	6477.71
660	0.00118814	6327.03
670	0.00118814	6081.12
680	0.00118814	6390.44
690	0.00118814	6872.26
700	0.00118814	6506.86
710	0.00118814	6692.43
720	0.00118814	5570.43
730	0.00118814	6201.52
740	0.00118814	5582.45
750	0.00118814	1888.81
760	0.00118814	6178.63
770	0.00118814	5246.75
780	0.00118814	6661.43
790	0.00118814	2572.02
800	0.00118814	5837.44
810	0.00118814	5067
820	0.00118814	6809.64
830	0.00118814	6019.36
840	0.00118814	5900.1
850	0.00118814	5158.84
860	0.00118814	5018.02
870	0.00118814	5046.2
880	0.00118814	4979.39
890	0.00118814	5879.93
900	0.00118814	5609.28
910	0.00118814	6260.76
920	0.00118814	5887.63
930	0.00118814	6490.4
940	0.00118814	4640.68
950	0.00118814	6538.43
960	0.00118814	4907.5
970	0.00118814	6379.29
980	0.00118814	4446.17
990	0.00118814	5091.26
1000	0.00118814	6269.12
260	0.000796262	4444.93
270	0.000796262	3965.01
280	0.000796262	6379.86
290	0.000796262	5187.79
300	0.000796262	5126.03
310	0.000796262	4753.66
320	0.000796262	5180.21
330	0.000796262	4570.07
340	0.000796262	5681.91
350	0.000796262	5410.57
360	0.000796262	5168.48
370	0.000796262	4302.58
380	0.000796262	6239.44
390	0.000796262	5805.07
400	0.000796262	2342.72
410	0.000796262	6294.9
420	0.000796262	5566.44
430	0.000796262	6576.33
440	0.000796262	6388.09
450	0.000796262	6794.11
460	0.000796262	5239.93
470	0.000796262	5741.53
480	0.000796262	3765.55
490	0.000796262	6721.82
500	0.000796262	5513.71
510	0.000796262	5661.39
520	0.000796262	4678.98
530	0.000796262	5978.42
540	0.000796262	5260.47
550	0.000796262	4940.92
560	0.000796262	1414.86
570	0.000796262	4455.98
580	0.000796262	4528.69
590	0.000796262	5628.25
600	0.000796262	4389.14
610	0.000796262	5669.34
620	0.000796262	5609.56
630	0.000796262	4433.11
640	0.000796262	3883.09
650	0.000796262	4909.17
660	0.000796262	6555.01
670	0.000796262	6372.66
680	0.000796262	6169.28
690	0.000796262	7107.68
700	0.000796262	6201.61
710	0.000796262	6152.9
720	0.000796262	2668.35
730	0.000796262	5208.3
740	0.000796262	5339.96
750	0.000796262	2702.85
760	0.000796262	2949.8
770	0.000796262	6470.26
780	0.000796262	6778.96
790	0.000796262	3579.52
800	0.000796262	6351.5
810	0.000796262	4226.6
820	0.000796262	4500.3
830	0.000796262	3222.49
840	0.000796262	6246.08
850	0.000796262	5676.77
860	0.000796262	7086.3
870	0.000796262	4872.11
880	0.000796262	5207.73
890	0.000796262	4105.28
900	0.000796262	6796.71
910	0.000796262	6293.03
920	0.000796262	5319.14
930	0.000796262	5512.75
940	0.000796262	5767.62
950	0.000796262	6506.66
960	0.000796262	7390
970	0.000796262	7584.56
980	0.000796262	5478.6
990	0.000796262	5653.94
1000	0.000796262	5463.93
260	0.000515363	6158.1
270	0.000515363	3238.51
280	0.000515363	5130.71
290	0.000515363	5114.55
300	0.000515363	4289.9
310	0.000515363	4144
320	0.000515363	4674.84
330	0.000515363	4987.89
340	0.000515363	5652.41
350	0.000515363	6761.3
360	0.000515363	5371.22
370	0.000515363	6356.53
380	0.000515363	7098.44
390	0.000515363	4373.9
400	0.000515363	6186.09
410	0.000515363	4878.03
420	0.000515363	247.248
430	0.000515363	3157.88
440	0.000515363	5325.33
450	0.000515363	5307.84
460	0.000515363	4315.67
470	0.000515363	6188.94
480	0.000515363	4407.99
490	0.000515363	1818.06
500	0.000515363	6730.83
510	0.000515363	6316.09
520	0.000515363	5038
530	0.000515363	6212.43
540	0.000515363	5727.11
550	0.000515363	3566.34
560	0.000515363	2721.5
570	0.000515363	2483.65
580	0.000515363	6237.88
590	0.000515363	2478.83
600	0.000515363	5365.43
610	0.000515363	5916.43
620	0.000515363	5142.43
630	0.000515363	1551.88
640	0.000515363	6157.74
650	0.000515363	5239.75
660	0.000515363	6092.37
670	0.000515363	5282.8
680	0.000515363	3105.54
690	0.000515363	4856.77
700	0.000515363	7301.36
710	0.000515363	5608.83
720	0.000515363	3086.41
730	0.000515363	1566.03
740	0.000515363	4551.49
750	0.000515363	-321.891
760	0.000515363	6209.12
770	0.000515363	4132.9
780	0.000515363	6372.52
790	0.000515363	6425.48
800	0.000515363	5917.22
810	0.000515363	5956.38
820	0.000515363	2610.64
830	0.000515363	5830.81
840	0.000515363	6199.81
850	0.000515363	4246.45
860	0.000515363	5969.55
870	0.000515363	5912.78
880	0.000515363	5501.41
890	0.000515363	6400.53
900	0.000515363	6223.97
910	0.000515363	5664.74
920	0.000515363	5643.15
930	0.000515363	3947.61
940	0.000515363	4922.9
950	0.000515363	6167
960	0.000515363	5751.41
970	0.000515363	-566.483
980	0.000515363	6536.68
990	0.000515363	-2888.7
1000	0.000515363	5406.53
260	0.00032	3098.27
270	0.00032	3032.6
280	0.00032	-1124.81
290	0.00032	3392.32
300	0.00032	2600.77
310	0.00032	5034.74
320	0.00032	6089.43
330	0.00032	5896.95
340	0.00032	2700.68
350	0.00032	4021.25
360	0.00032	1185.51
370	0.00032	5489.13
380	0.00032	5426.94
390	0.00032	6214.3
400	0.00032	7227.14
410	0.00032	-263.694
420	0.00032	5662.35
430	0.00032	-3086.87
440	0.00032	121.225
450	0.00032	-5937.2
460	0.00032	-510.489
470	0.00032	4264.28
480	0.00032	5569.93
490	0.00032	5432.07
500	0.00032	5531.23
510	0.00032	5859.31
520	0.00032	-290.479
530	0.00032	4372.74
540	0.00032	5962.26
550	0.00032	4230.5
560	0.00032	303.53
570	0.00032	6117.94
580	0.00032	-5407.28
590	0.00032	4190.27
600	0.00032	5118.04
610	0.00032	5115.79
620	0.00032	2001.52
630	0.00032	3586.05
640	0.00032	4504.71
650	0.00032	-2105.67
660	0.00032	4145.85
670	0.00032	3324.52
680	0.00032	4057.77
690	0.00032	4393.34
700	0.00032	5026.2
710	0.00032	6654.48
720	0.00032	6342.73
730	0.00032	5306.83
740	0.00032	7052.61
750	0.00032	39.6907
760	0.00032	6151.21
770	0.00032	3819.46
780	0.00032	5514.37
790	0.00032	-9276.66
800	0.00032	5570.91
810	0.00032	6220.24
820	0.00032	1459.86
830	0.00032	4223.23
840	0.00032	4817.3
850	0.00032	5377.52
860	0.00032	4073.9
870	0.00032	516.154
880	0.00032	5367.8
890	0.00032	3751.81
900	0.00032	4760.74
910	0.00032	4491.31
920	0.00032	5904.48
930	0.00032	5749.37
940	0.00032	5766.81
950	0.00032	6524.61
960	0.00032	5334.05
970	0.00032	752.012
980	0.00032	6063.9
990	0.00032	4731.84
1000	0.00032	4192.9
260	0.000188957	-4594.41
270	0.000188957	690.365
280	0.000188957	5867.4
290	0.000188957	-4318.05
300	0.000188957	5759.85
310	0.000188957	311.472
320	0.000188957	-4586.26
330	0.000188957	-1130.54
340	0.000188957	6179.04
350	0.000188957	5656.31
360	0.000188957	-3829.82
370	0.000188957	4303.11
380	0.000188957	5127.22
390	0.000188957	6415.06
400	0.000188957	4640.57
410	0.000188957	2733.86
420	0.000188957	-691.105
430	0.000188957	-16541
440	0.000188957	6465.61
450	0.000188957	2589.14
460	0.000188957	1639.48
470	0.000188957	3588.36
480	0.000188957	3081.21
490	0.000188957	6103.55
500	0.000188957	-15265.5
510	0.000188957	2948.25
520	0.000188957	4643.69
530	0.000188957	-4029.09
540	0.000188957	4414.26
550	0.000188957	4984.64
560	0.000188957	5676.02
570	0.000188957	1388.58
580	0.000188957	-787.532
590	0.000188957	6042.91
600	0.000188957	5629.58
610	0.000188957	5076.02
620	0.000188957	-3543.49
630	0.000188957	3320.37
640	0.000188957	-4734.43
650	0.000188957	3880.1
660	0.000188957	-2742.61
670	0.000188957	-1575.3
680	0.000188957	5793.39
690	0.000188957	2338.49
700	0.000188957	2269.9
710	0.000188957	3482.69
720	0.000188957	-3895.33
730	0.000188957	1915.03
740	0.000188957	-11342.8
750	0.000188957	4883.9
760	0.000188957	686.634
770	0.000188957	1711.02
780	0.000188957	-7444.31
790	0.000188957	2403.44
800	0.000188957	7018.49
810	0.000188957	-4475.51
820	0.000188957	3728.66
830	0.000188957	628.796
840	0.000188957	2833.31
850	0.000188957	2603.62
860	0.000188957	4734.07
870	0.000188957	5184.44
880	0.000188957	3753.59
890	0.000188957	5231.66
900	0.000188957	4098.06
910	0.000188957	2114.09
920	0.000188957	3751.7
930	0.000188957	-3019.94
940	0.000188957	863.408
950	0.000188957	5619
960	0.000188957	5933.93
970	0.000188957	4196.71
980	0.000188957	-475.005
990	0.000188957	218.981
1000	0.000188957	5225.23
260	0.000104858	1899.06
270	0.000104858	5290.58
280	0.000104858	6071.63
290	0.000104858	-5821.18
300	0.000104858	3324.5
310	0.000104858	-4520.09
320	0.000104858	4659.16
330	0.000104858	-3657.85
340	0.000104858	3446.56
350	0.000104858	1474.14
360	0.000104858	-1344.99
370	0.000104858	-7209.02
380	0.000104858	5149.68
390	0.000104858	-2939.87
400	0.000104858	5660.95
410	0.000104858	2917.44
420	0.000104858	4642.07
430	0.000104858	4667.82
440	0.000104858	3281.22
450	0.000104858	4863.53
460	0.000104858	3153.73
470	0.000104858	788.894
480	0.000104858	-7174.53
490	0.000104858	-7448.07
500	0.000104858	-2118.29
510	0.000104858	-2364.5
520	0.000104858	2106.67
530	0.000104858	251.775
540	0.000104858	-4544.77
550	0.000104858	3561.11
560	0.000104858	3407.54
570	0.000104858	1069.63
580	0.000104858	5700.83
590	0.000104858	-28.563
600	0.000104858	3328.38
610	0.000104858	-3420.13
620	0.000104858	1790.28
630	0.000104858	-2292.04
640	0.000104858	6172.04
650	0.000104858	-12342.3
660	0.000104858	4844.09
670	0.000104858	-158.165
680	0.000104858	4195.6
690	0.000104858	-869.984
700	0.000104858	-2858.32
710	0.000104858	2900.78
720	0.000104858	4202.2
730	0.000104858	-10097.9
740	0.000104858	-2624.31
750	0.000104858	3799.77
760	0.000104858	2833.42
770	0.000104858	4932.24
780	0.000104858	6193.65
790	0.000104858	2940.84
800	0.000104858	1414.44
810	0.000104858	5892.63
820	0.000104858	562.439
830	0.000104858	-167.632
840	0.000104858	2745.62
850	0.000104858	4589.58
860	0.000104858	3665.03
870	0.000104858	4362.98
880	0.000104858	-9378.56
890	0.000104858	-1638.86
900	0.000104858	4638.39
910	0.000104858	-1310.25
920	0.000104858	1738.67
930	0.000104858	-2214.2
940	0.000104858	-5675.76
950	0.000104858	4951.47
960	0.000104858	4841.24
970	0.000104858	4063.56
980	0.000104858	5061.88
990	0.000104858	-4513.46
1000	0.000104858	5877.23
260	5.37824e-05	-6985.59
270	5.37824e-05	5755.64
280	5.37824e-05	-4501.97
290	5.37824e-05	629.216
300	5.37824e-05	-13937.6
310	5.37824e-05	2357.68
320	5.37824e-05	-4987.02
330	5.37824e-05	5643.4
340	5.37824e-05	5211.5
350	5.37824e-05	-1890.59
360	5.37824e-05	-30181.7
370	5.37824e-05	-428.372
380	5.37824e-05	5626.09
390	5.37824e-05	436.851
400	5.37824e-05	5929.93
410	5.37824e-05	-2947.89
420	5.37824e-05	1369.7
430	5.37824e-05	3099.11
440	5.37824e-05	-5884.61
450	5.37824e-05	-14331.4
460	5.37824e-05	-3722.65
470	5.37824e-05	-1939.03
480	5.37824e-05	-15459.8
490	5.37824e-05	3339.25
500	5.37824e-05	-4209.37
510	5.37824e-05	-13760.1
520	5.37824e-05	5915.29
530	5.37824e-05	5038.59
540	5.37824e-05	-759.612
550	5.37824e-05	1027.77
560	5.37824e-05	-16005
570	5.37824e-05	-4809.15
580	5.37824e-05	-11673.3
590	5.37824e-05	2191.34
600	5.37824e-05	-4531.56
610	5.37824e-05	759.873
620	5.37824e-05	1017.19
630	5.37824e-05	-4741.36
640	5.37824e-05	-12903.3
650	5.37824e-05	-9429.82
660	5.37824e-05	-29221.7
670	5.37824e-05	1600.93
680	5.37824e-05	3765.18
690	5.37824e-05	-9015.3
700	5.37824e-05	1860.28
710	5.37824e-05	6614.55
720	5.37824e-05	-22515.8
730	5.37824e-05	2701.06
740	5.37824e-05	1823.13
750	5.37824e-05	-10063.7
760	5.37824e-05	-7691.38
770	5.37824e-05	2009.58
780	5.37824e-05	1853.24
790	5.37824e-05	3087.54
800	5.37824e-05	2101.73
810	5.37824e-05	-2850.22
820	5.37824e-05	-5522.7
830	5.37824e-05	-2.72828
840	5.37824e-05	2918.07
850	5.37824e-05	-13860.3
860	5.37824e-05	-5429.54
870	5.37824e-05	2632.3
880	5.37824e-05	4654.96
890	5.37824e-05	-2213.92
900	5.37824e-05	4102.62
910	5.37824e-05	6024.28
920	5.37824e-05	3523.96
930	5.37824e-05	-8894.79
940	5.37824e-05	-1693.83
950	5.37824e-05	5555.41
960	5.37824e-05	-3000.52
970	5.37824e-05	-778.725
980	5.37824e-05	4092.53
990	5.37824e-05	-1688.31
1000	5.37824e-05	-9331.53
260	2.48832e-05	-20406.2
270	2.48832e-05	-11013.1
280	2.48832e-05	4411.38
290	2.48832e-05	-4965.01
300	2.48832e-05	-3339.68
310	2.48832e-05	927.282
320	2.48832e-05	-14803.3
330	2.48832e-05	-3643.32
340	2.48832e-05	-8788.31
350	2.48832e-05	-943.98
360	2.48832e-05	-6499.76
370	2.48832e-05	-8932.18
380	2.48832e-05	2641.99
390	2.48832e-05	-4444.48
400	2.48832e-05	-9489.08
410	2.48832e-05	-8856.18
420	2.48832e-05	5097.42
430	2.48832e-05	2335.61
440	2.48832e-05	4782.69
450	2.48832e-05	-1312.05
460	2.48832e-05	-584.938
470	2.48832e-05	-4009.62
480	2.48832e-05	3683.28
490	2.48832e-05	6728.5
500	2.48832e-05	-2163.58
510	2.48832e-05	-383.435
520	2.48832e-05	-5796.4
530	2.48832e-05	-25611
540	2.48832e-05	1899.1
550	2.48832e-05	3586
560	2.48832e-05	2898.1
570	2.48832e-05	3692.37
580	2.48832e-05	-1406.98
590	2.48832e-05	-3691.33
600	2.48832e-05	-15075.1
610	2.48832e-05	-8221.1
620	2.48832e-05	-3891.04
630	2.48832e-05	-16191.5
640	2.48832e-05	1545.09
650	2.48832e-05	-9356.51
660	2.48832e-05	-5245.89
670	2.48832e-05	-1919.8
680	2.48832e-05	-19928.6
690	2.48832e-05	-17590.9
700	2.48832e-05	-1500.77
710	2.48832e-05	4378.63
720	2.48832e-05	-5178.76
730	2.48832e-05	-12609.1
740	2.48832e-05	-14811
750	2.48832e-05	-5242.26
760	2.48832e-05	3849.77
770	2.48832e-05	-1780.2
780	2.48832e-05	-24145
790	2.48832e-05	1036.47
800	2.48832e-05	-1528.81
810	2.48832e-05	-9344.34
820	2.48832e-05	-13853.4
830	2.48832e-05	-8231.41
840	2.48832e-05	-2929.92
850	2.48832e-05	5152.21
860	2.48832e-05	3407.22
870	2.48832e-05	-12492.8
880	2.48832e-05	5217.36
890	2.48832e-05	-23904.9
900	2.48832e-05	2033.77
910	2.48832e-05	-308.796
920	2.48832e-05	1329.99
930	2.48832e-05	-8963.73
940	2.48832e-05	5109.8
950	2.48832e-05	-9096.78
960	2.48832e-05	-17963.8
970	2.48832e-05	-271.041
980	2.48832e-05	4640.31
990	2.48832e-05	-10534.4
1000	2.48832e-05	-6073.07
260	1e-05	2492.1
270	1e-05	-15021.2
280	1e-05	-5475.98
290	1e-05	-28788.5
300	1e-05	-16092.2
310	1e-05	-6233.33
320	1e-05	1574.84
330	1e-05	3688.15
340	1e-05	-6700.2
350	1e-05	-3345.81
360	1e-05	6537.15
370	1e-05	5246
380	1e-05	-10266.7
390	1e-05	4834.49
400	1e-05	-11347
410	1e-05	-8270.82
420	1e-05	5030.39
430	1e-05	3327.48
440	1e-05	-3701.23
450	1e-05	1286.57
460	1e-05	656.923
470	1e-05	-27164.3
480	1e-05	4989.03
490	1e-05	-819.302
500	1e-05	-472.758
510	1e-05	-386.133
520	1e-05	3401.12
530	1e-05	-4132.84
540	1e-05	-11917.4
550	1e-05	-40429.3
560	1e-05	-8616.66
570	1e-05	-200108
580	1e-05	3589.42
590	1e-05	-24988.9
600	1e-05	-2059.56
610	1e-05	2543.45
620	1e-05	-7412.69
630	1e-05	-16735.2
640	1e-05	5866.67
650	1e-05	6023.53
660	1e-05	-7879.01
670	1e-05	-5730.2
680	1e-05	-16794.4
690	1e-05	2279.99
700	1e-05	4374.64
710	1e-05	-770.899
720	1e-05	3915.16
730	1e-05	5219.26
740	1e-05	-7472.22
750	1e-05	4493.74
760	1e-05	-19529
770	1e-05	-11391.7
780	1e-05	-7553.81
790	1e-05	-17459.9
800	1e-05	-13904.5
810	1e-05	2334.5
820	1e-05	-5652.69
830	1e-05	-9736.31
840	1e-05	-12442.1
850	1e-05	140.359
860	1e-05	-10760.5
870	1e-05	-58001.6
880	1e-05	-5914.24
890	1e-05	2967.59
900	1e-05	5518.6
910	1e-05	-8580.25
920	1e-05	-7044.66
930	1e-05	1430.37
940	1e-05	3174.93
950	1e-05	-13264
960	1e-05	-4964.65
970	1e-05	4924.18
980	1e-05	-19767.8
990	1e-05	-10387.9
1000	1e-05	-62060.6
260	3.2768e-06	5327.94
270	3.2768e-06	-6284.83
280	3.2768e-06	-20657.2
290	3.2768e-06	-934.918
300	3.2768e-06	636.48
310	3.2768e-06	1745.51
320	3.2768e-06	-4936.99
330	3.2768e-06	-1469.94
340	3.2768e-06	-6448.53
350	3.2768e-06	3768.49
360	3.2768e-06	287.305
370	3.2768e-06	-5942.42
380	3.2768e-06	-5103.65
390	3.2768e-06	-18414.4
400	3.2768e-06	-9629.49
410	3.2768e-06	-12378.6
420	3.2768e-06	-18911.7
430	3.2768e-06	574.671
440	3.2768e-06	-1725.16
450	3.2768e-06	-937.686
460	3.2768e-06	-8130.77
470	3.2768e-06	-18058.7
480	3.2768e-06	1819.2
490	3.2768e-06	-9487.78
500	3.2768e-06	-10235.4
510	3.2768e-06	-28944.8
520	3.2768e-06	2205.21
530	3.2768e-06	-11313.6
540	3.2768e-06	1233.62
550	3.2768e-06	-10064.5
560	3.2768e-06	-11860.7
570	3.2768e-06	-13762.4
580	3.2768e-06	4966.81
590	3.2768e-06	-24788.6
600	3.2768e-06	4467.91
610	3.2768e-06	-13206.6
620	3.2768e-06	-2289.72
630	3.2768e-06	-24461.6
640	3.2768e-06	4135.48
650	3.2768e-06	-6602.31
660	3.2768e-06	217.676
670	3.2768e-06	-2337.99
680	3.2768e-06	-17606.5
690	3.2768e-06	4193.17
700	3.2768e-06	1905.17
710	3.2768e-06	-1139.99
720	3.2768e-06	-17538.7
730	3.2768e-06	-14886
740	3.2768e-06	-116179
750	3.2768e-06	-13391.8
760	3.2768e-06	-11906.9
770	3.2768e-06	2046.93
780	3.2768e-06	-3231.53
790	3.2768e-06	-4719.4
800	3.2768e-06	-26684
810	3.2768e-06	3256.75
820	3.2768e-06	3529.63
830	3.2768e-06	2399.17
840	3.2768e-06	3886.65
850	3.2768e-06	1592.93
860	3.2768e-06	-341700
870	3.2768e-06	-3764.47
880	3.2768e-06	-9796.08
890	3.2768e-06	-68823.8
900	3.2768e-06	-29659.6
910	3.2768e-06	3099.83
920	3.2768e-06	3623.65
930	3.2768e-06	-7869.44
940	3.2768e-06	-31557.9
950	3.2768e-06	3013.55
960	3.2768e-06	-100.135
970	3.2768e-06	4748.94
980	3.2768e-06	5375.47
990	3.2768e-06	-1587.79
1000	3.2768e-06	-1348.79
260	7.776e-07	-12475.4
270	7.776e-07	4899.65
280	7.776e-07	-33748.9
290	7.776e-07	2699.95
300	7.776e-07	6509.74
310	7.776e-07	-11539.4
320	7.776e-07	6209.79
330	7.776e-07	-8271.31
340	7.776e-07	-11370.3
350	7.776e-07	1458.03
360	7.776e-07	-4734.09
370	7.776e-07	-8055.84
380	7.776e-07	3473.63
390	7.776e-07	3636.15
400	7.776e-07	2662.54
410	7.776e-07	-21105.4
420	7.776e-07	-4858.21
430	7.776e-07	4304.34
440	7.776e-07	-7822.55
450	7.776e-07	-5765.82
460	7.776e-07	6234.15
470	7.776e-07	-333.368
480	7.776e-07	1869.71
490	7.776e-07	-3927.22
500	7.776e-07	3940.75
510	7.776e-07	-15601
520	7.776e-07	-8715.86
530	7.776e-07	-2091.22
540	7.776e-07	-7369.31
550	7.776e-07	897.721
560	7.776e-07	-6336.53
570	7.776e-07	-13521
580	7.776e-07	-7995.27
590	7.776e-07	-8304.25
600	7.776e-07	-19123.7
610	7.776e-07	-4838.42
620	7.776e-07	-4769.89
630	7.776e-07	5457.8
640	7.776e-07	-15040.5
650	7.776e-07	-18737.4
660	7.776e-07	-18226.6
670	7.776e-07	5380.88
680	7.776e-07	-18729
690	7.776e-07	3.70205
700	7.776e-07	1336.49
710	7.776e-07	484.308
720	7.776e-07	-3745.01
730	7.776e-07	-17631.4
740	7.776e-07	-8686.98
750	7.776e-07	-11681
760	7.776e-07	-13352.8
770	7.776e-07	-29380
780	7.776e-07	-4719.97
790	7.776e-07	-23422.9
800	7.776e-07	-16219.3
810	7.776e-07	-1725.93
820	7.776e-07	-23680.1
830	7.776e-07	-7325.07
840	7.776e-07	-5574.05
850	7.776e-07	1443.05
860	7.776e-07	-13097
870	7.776e-07	-6797.04
880	7.776e-07	-11690
890	7.776e-07	-11395.5
900	7.776e-07	-21501.7
910	7.776e-07	-12898.3
920	7.776e-07	6959.54
930	7.776e-07	-12297.3
940	7.776e-07	-15818.9
950	7.776e-07	-14827.2
960	7.776e-07	-7648.6
970	7.776e-07	-3601.37
980	7.776e-07	-18480.3
990	7.776e-07	-8526.2
1000	7.776e-07	-81443.9
260	1.024e-07	-9452.04
270	1.024e-07	-14319.3
280	1.024e-07	-9300.46
290	1.024e-07	5273.21
300	1.024e-07	-29897
310	1.024e-07	-18391.6
320	1.024e-07	-22117.8
330	1.024e-07	3164.97
340	1.024e-07	1636.77
350	1.024e-07	-14255.1
360	1.024e-07	2644.19
370	1.024e-07	-7714.21
380	1.024e-07	-13792.7
390	1.024e-07	-1966.37
400	1.024e-07	-125.33
410	1.024e-07	-6389.7
420	1.024e-07	1046.27
430	1.024e-07	1109.31
440	1.024e-07	-4975.86
450	1.024e-07	4210.49
460	1.024e-07	-10248.1
470	1.024e-07	-28338.5
480	1.024e-07	5907.54
490	1.024e-07	-20082
500	1.024e-07	4996.28
510	1.024e-07	-17273
520	1.024e-07	-4371.62
530	1.024e-07	-19628.7
540	1.024e-07	-112860
550	1.024e-07	-18054.4
560	1.024e-07	-1012.26
570	1.024e-07	-18548.2
580	1.024e-07	-19319.4
590	1.024e-07	-15445.2
600	1.024e-07	-2762.55
610	1.024e-07	-12395.5
620	1.024e-07	2956.74
630	1.024e-07	-882.491
640	1.024e-07	-1837.96
650	1.024e-07	-30424.1
660	1.024e-07	-7210.36
670	1.024e-07	-24241.4
680	1.024e-07	-1244.99
690	1.024e-07	999.18
700	1.024e-07	-6792.9
710	1.024e-07	-8202.38
720	1.024e-07	-4265.3
730	1.024e-07	-19364.4
740	1.024e-07	3880.36
750	1.024e-07	-47907.5
760	1.024e-07	-6963.17
770	1.024e-07	4257.25
780	1.024e-07	-11676.4
790	1.024e-07	-10171.9
800	1.024e-07	-1.16986e+06
810	1.024e-07	2325.02
820	1.024e-07	-5916.28
830	1.024e-07	-23330.8
840	1.024e-07	-8289
850	1.024e-07	-3957.6
860	1.024e-07	-523.806
870	1.024e-07	1408.5
880	1.024e-07	-3487.62
890	1.024e-07	-2.00829e+06
900	1.024e-07	-23.4597
910	1.024e-07	-915917
920	1.024e-07	-7604.94
930	1.024e-07	-2551.25
940	1.024e-07	-8813.45
950	1.024e-07	-7300.36
960	1.024e-07	-10278.4
970	1.024e-07	622.588
980	1.024e-07	-2359.87
990	1.024e-07	4076.16
1000	1.024e-07	1016.23
260	3.2e-09	-17026.9
270	3.2e-09	-20696.7
280	3.2e-09	-24168.3
290	3.2e-09	-13963.7
300	3.2e-09	-14952.5
310	3.2e-09	-1170.32
320	3.2e-09	4619.66
330	3.2e-09	-20247.6
340	3.2e-09	-136.349
350	3.2e-09	-42680.6
360	3.2e-09	2462.82
370	3.2e-09	-11557.5
380	3.2e-09	-6092.14
390	3.2e-09	2.14765
400	3.2e-09	-19965.3
410	3.2e-09	80.9076
420	3.2e-09	-10386.8
430	3.2e-09	-28829.7
440	3.2e-09	-17120.1
450	3.2e-09	-23589.4
460	3.2e-09	-640.995
470	3.2e-09	-6062.34
480	3.2e-09	2488.23
490	3.2e-09	-12228.7
500	3.2e-09	-20201.3
510	3.2e-09	-1997.13
520	3.2e-09	-17594.8
530	3.2e-09	-1306.68
540	3.2e-09	-14149.8
550	3.2e-09	6006.01
560	3.2e-09	-30245.9
570	3.2e-09	1717
580	3.2e-09	2143.11
590	3.2e-09	741.822
600	3.2e-09	-3903.54
610	3.2e-09	-14215.5
620	3.2e-09	-14510.5
630	3.2e-09	-4454.83
640	3.2e-09	1397.81
650	3.2e-09	-2006.11
660	3.2e-09	-19170.1
670	3.2e-09	-6112.73
680	3.2e-09	-4228.14
690	3.2e-09	-3984.83
700	3.2e-09	-14029.9
710	3.2e-09	-25535.9
720	3.2e-09	5938.43
730	3.2e-09	-6659.49
740	3.2e-09	5465.7
750	3.2e-09	-10744.3
760	3.2e-09	-746.989
770	3.2e-09	2007.87
780	3.2e-09	-4912.34
790	3.2e-09	-19351.1
800	3.2e-09	-12283.4
810	3.2e-09	-18003.4
820	3.2e-09	-15790.9
830	3.2e-09	-10827.4
840	3.2e-09	2052.6
850	3.2e-09	-6396.32
860	3.2e-09	-1277.63
870	3.2e-09	1646.3
880	3.2e-09	-6517.14
890	3.2e-09	3385.25
900	3.2e-09	530.539
910	3.2e-09	-5093.85
920	3.2e-09	-7485.74
930	3.2e-09	-10852.7
940	3.2e-09	-12139.3
950	3.2e-09	-515.235
960	3.2e-09	-12487.7
970	3.2e-09	-6170.43
980	3.2e-09	-3691.84
990	3.2e-09	-64149.6
1000	3.2e-09	-9699.5
260	1.16658e-302	-6177.77
270	1.16658e-302	-8017.39
280	1.16658e-302	-17381.4
290	1.16658e-302	-2309.24
300	1.16658e-302	-23182.8
310	1.16658e-302	-6374.65
320	1.16658e-302	-8849.77
330	1.16658e-302	-9997.57
340	1.16658e-302	-5824.53
350	1.16658e-302	-521.38
360	1.16658e-302	-434.646
370	1.16658e-302	-6430.33
380	1.16658e-302	-16443.6
390	1.16658e-302	-12341.5
400	1.16658e-302	-25009.9
410	1.16658e-302	-2781.76
420	1.16658e-302	-1527.64
430	1.16658e-302	3916.18
440	1.16658e-302	-37678.4
450	1.16658e-302	-23887.4
460	1.16658e-302	-10697
470	1.16658e-302	-530.329
480	1.16658e-302	-12424.8
490	1.16658e-302	-7881.63
500	1.16658e-302	315.646
510	1.16658e-302	-15076.2
520	1.16658e-302	-18458.2
530	1.16658e-302	6960.79
540	1.16658e-302	-1377.1
550	1.16658e-302	2749.18
560	1.16658e-302	-11965
570	1.16658e-302	4788.16
580	1.16658e-302	-4503
590	1.16658e-302	1458.95
600	1.16658e-302	3368.16
610	1.16658e-302	-11369.4
620	1.16658e-302	3329.05
630	1.16658e-302	-3889.29
640	1.16658e-302	-14360.4
650	1.16658e-302	4966.44
660	1.16658e-302	-6861.07
670	1.16658e-302	-9304.23
680	1.16658e-302	6473.66
690	1.16658e-302	2983.73
700	1.16658e-302	-42007.7
710	1.16658e-302	670.955
720	1.16658e-302	-9702.87
730	1.16658e-302	-53.5067
740	1.16658e-302	-10496.3
750	1.16658e-302	-17006.2
760	1.16658e-302	-1211.29
770	1.16658e-302	2812.02
780	1.16658e-302	1880.72
790	1.16658e-302	3483.67
800	1.16658e-302	-16392.8
810	1.16658e-302	-11697.7
820	1.16658e-302	-16018.4
830	1.16658e-302	-3206.42
840	1.16658e-302	-8458.16
850	1.16658e-302	2127.68
860	1.16658e-302	5212.13
870	1.16658e-302	5279.73
880	1.16658e-302	-3016.41
890	1.16658e-302	-687.994
900	1.16658e-302	-4550.55
910	1.16658e-302	-4731.57
920	1.16658e-302	-3774.17
930	1.16658e-302	-22993.5
940	1.16658e-302	-2783.25
950	1.16658e-302	-9336.13
960	1.16658e-302	-120.074
970	1.16658e-302	-7305.26
980	1.16658e-302	-6266.79
990	1.16658e-302	-2086.45
1000	1.16658e-302	-12101.1
