Iteration	Posterior	Likelihood	Prior	diversification	logSigma	sigma	speciation
0	8553.986	8974.332	-420.3462	1.14663	-1.221926	0.05998938	1.14663
10	8737.805	9154.403	-416.5986	1.14663	-1.23544	0.05815134	1.14663
20	8652.807	9067.531	-414.7241	1.14663	-1.219783	0.06028613	1.14663
30	8445.111	8859.607	-414.4963	1.14663	-1.156056	0.0698143	1.14663
40	8548.316	8968.501	-420.1848	1.14663	-1.251872	0.05599232	1.14663
50	8524.144	8945.145	-421.0011	1.14663	-1.218582	0.06045308	1.14663
60	8609.784	9029.57	-419.7857	1.14663	-1.233579	0.05840109	1.14663
70	8654.873	9079.226	-424.353	1.14663	-1.230732	0.0587852	1.14663
80	8633.336	9055.836	-422.4993	1.14663	-1.256723	0.05537026	1.14663
90	8750.859	9172.08	-421.2212	1.14663	-1.309596	0.04902352	1.14663
100	8733.323	9151.889	-418.566	1.14663	-1.279447	0.05254758	1.14663
110	8810.822	9226.593	-415.7705	1.14663	-1.263753	0.05448127	1.14663
120	8657.972	9075.483	-417.5115	1.14663	-1.251487	0.05604197	1.14663
130	8405.72	8822.061	-416.3417	1.14663	-1.231993	0.05861473	1.14663
140	8669.424	9087.877	-418.4528	1.14663	-1.285538	0.05181582	1.14663
150	8696.561	9117.748	-421.1875	1.14663	-1.210124	0.06164196	1.14663
160	8598.878	9017.021	-418.1431	1.14663	-1.242067	0.05727078	1.14663
170	8705.337	9124.729	-419.3918	1.14663	-1.268614	0.05387483	1.14663
180	8595.445	9017.537	-422.0914	1.14663	-1.258135	0.05519056	1.14663
190	8549.832	8974.385	-424.5537	1.14663	-1.245315	0.05684405	1.14663
200	8654.088	9076.956	-422.8682	1.14663	-1.250056	0.05622687	1.14663
210	8749.826	9168.038	-418.2122	1.14663	-1.253521	0.05578007	1.14663
220	8632.278	9049.256	-416.9778	1.14663	-1.267343	0.0540327	1.14663
230	8647.79	9061.532	-413.7423	1.14663	-1.245588	0.05680827	1.14663
240	8628.977	9045.989	-417.0116	1.14663	-1.234611	0.05826242	1.14663
250	8579.775	8994.826	-415.0514	1.14663	-1.2234	0.05978607	1.14663
260	8814.421	9233.975	-419.5538	1.14663	-1.259496	0.05501793	1.14663
270	8655.976	9078.161	-422.1855	1.14663	-1.25042	0.05617972	1.14663
280	8764.09	9186.185	-422.0957	1.14663	-1.260215	0.05492686	1.14663
290	8810.898	9234.01	-423.1122	1.14663	-1.292655	0.0509736	1.14663
300	8727.293	9151.972	-424.679	1.14663	-1.286177	0.0517396	1.14663
310	8737.842	9162.237	-424.3944	1.14663	-1.279328	0.05256207	1.14663
320	8941.399	9363.605	-422.2064	1.14663	-1.323113	0.04752115	1.14663
330	8781.917	9202.914	-420.9973	1.14663	-1.272232	0.05342792	1.14663
340	8552.316	8974.389	-422.073	1.14663	-1.293649	0.05085699	1.14663
350	8596.634	9020.824	-424.1901	1.14663	-1.308763	0.04911762	1.14663
360	8441.935	8864.373	-422.438	1.14663	-1.241946	0.05728673	1.14663
370	8403.634	8822.145	-418.5108	1.14663	-1.243641	0.05706355	1.14663
380	8374.64	8790.461	-415.8214	1.14663	-1.226684	0.05933567	1.14663
390	8429.339	8845.335	-415.9954	1.14663	-1.251863	0.05599336	1.14663
400	8710.355	9128.205	-417.8499	1.14663	-1.251842	0.05599609	1.14663
410	8457.926	8874.882	-416.9558	1.14663	-1.194945	0.06383446	1.14663
420	8602.597	9016.829	-414.2324	1.14663	-1.240593	0.05746544	1.14663
430	8628.772	9045.382	-416.6104	1.14663	-1.236107	0.05806215	1.14663
440	8517.759	8935.785	-418.0264	1.14663	-1.250874	0.05612114	1.14663
450	8530.127	8948.247	-418.1198	1.14663	-1.276161	0.05294671	1.14663
460	8741.003	9155.58	-414.5767	1.14663	-1.219038	0.06038957	1.14663
470	8763.369	9177.43	-414.0616	1.14663	-1.243899	0.05702969	1.14663
480	8470.26	8888.019	-417.7594	1.14663	-1.185593	0.065224	1.14663
490	8636.24	9051.691	-415.4511	1.14663	-1.216265	0.06077639	1.14663
500	8604.597	9019.466	-414.8689	1.14663	-1.234657	0.05825626	1.14663
510	8692.89	9108.809	-415.9188	1.14663	-1.219441	0.06033351	1.14663
520	8681.108	9096.35	-415.2417	1.14663	-1.213851	0.06111511	1.14663
530	8637.992	9054.007	-416.0142	1.14663	-1.212886	0.0612511	1.14663
540	8679.729	9097.67	-417.9409	1.14663	-1.19578	0.06371185	1.14663
550	8688.643	9106.023	-417.3808	1.14663	-1.222599	0.05989642	1.14663
560	8638.043	9058.38	-420.3374	1.14663	-1.240271	0.05750804	1.14663
570	8490.814	8910.697	-419.8829	1.14663	-1.256586	0.05538775	1.14663
580	8448.848	8871.341	-422.4933	1.14663	-1.234901	0.05822363	1.14663
590	8802.863	9228.44	-425.577	1.14663	-1.289688	0.05132294	1.14663
600	8601.581	9026.19	-424.6089	1.14663	-1.260084	0.05494349	1.14663
610	8804.512	9231.233	-426.7213	1.14663	-1.287034	0.05163765	1.14663
620	8761.904	9186.713	-424.809	1.14663	-1.291606	0.05109679	1.14663
630	8761.157	9183.864	-422.7067	1.14663	-1.307955	0.04920909	1.14663
640	8751.827	9176.334	-424.5065	1.14663	-1.27379	0.05323657	1.14663
650	8881.07	9304.631	-423.5604	1.14663	-1.301204	0.04997998	1.14663
660	8779.084	9196.368	-417.2838	1.14663	-1.243838	0.05703775	1.14663
670	8882.573	9300.613	-418.0399	1.14663	-1.246495	0.05668984	1.14663
680	8908.878	9326.951	-418.0729	1.14663	-1.264338	0.0544079	1.14663
690	8866.86	9291.076	-424.2158	1.14663	-1.271439	0.05352553	1.14663
700	8921.472	9345.941	-424.4693	1.14663	-1.307394	0.04927262	1.14663
710	8678.283	9104.574	-426.291	1.14663	-1.29234	0.05101057	1.14663
720	8720.749	9139.834	-419.0852	1.14663	-1.299	0.0502343	1.14663
730	8992.139	9411.29	-419.1508	1.14663	-1.25402	0.05571599	1.14663
740	8963.135	9385.344	-422.2087	1.14663	-1.312792	0.048664	1.14663
750	8861.399	9284.422	-423.0231	1.14663	-1.289362	0.05136153	1.14663
760	8903.858	9319.377	-415.5187	1.14663	-1.228618	0.05907206	1.14663
770	8978.771	9397.721	-418.95	1.14663	-1.247348	0.05657862	1.14663
780	9248.911	9668.847	-419.9362	1.14663	-1.309824	0.04899776	1.14663
790	9129.255	9548.95	-419.6946	1.14663	-1.28422	0.05197325	1.14663
800	8954.785	9375.275	-420.4901	1.14663	-1.249719	0.05627057	1.14663
810	8954.877	9375.443	-420.5664	1.14663	-1.268403	0.05390097	1.14663
820	8909.166	9328.465	-419.2988	1.14663	-1.250371	0.05618617	1.14663
830	9027.335	9444.479	-417.1446	1.14663	-1.273775	0.05323834	1.14663
840	9158.954	9574.878	-415.924	1.14663	-1.295024	0.05069623	1.14663
850	9030.234	9446.371	-416.1364	1.14663	-1.336581	0.04607013	1.14663
860	9008.972	9423.675	-414.7031	1.14663	-1.234311	0.05830276	1.14663
870	9157.26	9578.386	-421.1259	1.14663	-1.364667	0.04318501	1.14663
880	9214.999	9637.343	-422.3439	1.14663	-1.295891	0.05059511	1.14663
890	9104.941	9525.188	-420.2473	1.14663	-1.332106	0.04654725	1.14663
900	9054.345	9475.28	-420.9352	1.14663	-1.305951	0.04943667	1.14663
910	8956.969	9377.248	-420.2784	1.14663	-1.268256	0.0539193	1.14663
920	8797.864	9215.324	-417.4602	1.14663	-1.223881	0.05971994	1.14663
930	9045.936	9462.912	-416.9765	1.14663	-1.265793	0.05422594	1.14663
940	9168.125	9586.467	-418.3429	1.14663	-1.261404	0.05477669	1.14663
950	9182.062	9602.323	-420.2612	1.14663	-1.273442	0.05327928	1.14663
960	9007.645	9426.616	-418.9719	1.14663	-1.277378	0.05279849	1.14663
970	9107.021	9523.984	-416.9631	1.14663	-1.301457	0.04995089	1.14663
980	9237.939	9655.038	-417.0987	1.14663	-1.307954	0.04920916	1.14663
990	9290.086	9708.309	-418.2229	1.14663	-1.327749	0.04701662	1.14663
1000	9237.47	9658.533	-421.063	1.14663	-1.311268	0.04883512	1.14663
