Iteration	Posterior	Likelihood	Prior	diversification	logSigma	sigma	speciation
0	12466.5	12856.78	-390.2845	1.14663	-1.439344	0.03636271	1.14663
10	12453.65	12843.71	-390.068	1.14663	-1.447211	0.03570997	1.14663
20	12510.03	12899.28	-389.2471	1.14663	-1.4438	0.03599147	1.14663
30	12504.85	12894.05	-389.1938	1.14663	-1.434045	0.03680912	1.14663
40	12465.64	12857.56	-391.9239	1.14663	-1.451362	0.03537025	1.14663
50	12399.96	12791.44	-391.4808	1.14663	-1.430056	0.0371487	1.14663
60	12372.16	12764.51	-392.35	1.14663	-1.458194	0.03481817	1.14663
70	12415.04	12809.1	-394.0517	1.14663	-1.466739	0.03413977	1.14663
80	12372.16	12766.44	-394.2858	1.14663	-1.45774	0.0348546	1.14663
90	12364.58	12758.06	-393.4752	1.14663	-1.481333	0.03301162	1.14663
100	12369.43	12763.5	-394.0648	1.14663	-1.450995	0.03540014	1.14663
110	12360.88	12753.18	-392.2958	1.14663	-1.460685	0.03461903	1.14663
120	12368.53	12759.68	-391.1537	1.14663	-1.45939	0.03472242	1.14663
130	12408.67	12801.58	-392.9133	1.14663	-1.46417	0.03434236	1.14663
140	12402.88	12795.28	-392.3967	1.14663	-1.471661	0.03375505	1.14663
150	12382.15	12775.23	-393.0735	1.14663	-1.461334	0.03456735	1.14663
160	12361.21	12754.82	-393.6113	1.14663	-1.443375	0.03602671	1.14663
170	12476.26	12866.67	-390.4042	1.14663	-1.450104	0.03547285	1.14663
180	12403.52	12797.15	-393.6304	1.14663	-1.4494	0.03553039	1.14663
190	12410.95	12804.11	-393.1593	1.14663	-1.451526	0.03535689	1.14663
200	12398.69	12791.81	-393.1197	1.14663	-1.480651	0.03306354	1.14663
210	12429.51	12821.98	-392.4704	1.14663	-1.466342	0.03417106	1.14663
220	12391.14	12785.37	-394.2227	1.14663	-1.486142	0.03264811	1.14663
230	12359	12753.97	-394.9756	1.14663	-1.475847	0.03343124	1.14663
240	12293.19	12687.36	-394.1697	1.14663	-1.46555	0.03423338	1.14663
250	12299.64	12694.43	-394.7903	1.14663	-1.471664	0.03375487	1.14663
260	12334.35	12729.58	-395.2364	1.14663	-1.484691	0.03275739	1.14663
270	12329.86	12724.5	-394.6349	1.14663	-1.47331	0.03362716	1.14663
280	12365.53	12757.77	-392.2348	1.14663	-1.433504	0.03685497	1.14663
290	12350.83	12743.99	-393.154	1.14663	-1.458615	0.0347844	1.14663
300	12358.8	12750.37	-391.576	1.14663	-1.444574	0.03592743	1.14663
310	12399.2	12792.41	-393.2082	1.14663	-1.466124	0.0341882	1.14663
320	12407.98	12800.91	-392.9306	1.14663	-1.442667	0.03608548	1.14663
330	12422.66	12816.57	-393.9156	1.14663	-1.448553	0.03559972	1.14663
340	12416.4	12810.76	-394.3659	1.14663	-1.449834	0.03549487	1.14663
350	12425.53	12818.47	-392.9442	1.14663	-1.444688	0.03591798	1.14663
360	12345.91	12740.32	-394.4127	1.14663	-1.473493	0.03361296	1.14663
370	12318.93	12714.05	-395.1202	1.14663	-1.464593	0.03430891	1.14663
380	12353.96	12750.31	-396.3504	1.14663	-1.48135	0.03301035	1.14663
390	12356.87	12752.02	-395.1572	1.14663	-1.474413	0.03354181	1.14663
400	12281.7	12677.36	-395.6572	1.14663	-1.467979	0.03404243	1.14663
410	12329.04	12724.05	-395.0139	1.14663	-1.464145	0.03434433	1.14663
420	12362.02	12757.89	-395.8726	1.14663	-1.473765	0.03359193	1.14663
430	12363.22	12759.23	-396.0111	1.14663	-1.468483	0.03400301	1.14663
440	12329.22	12724.7	-395.4729	1.14663	-1.458016	0.03483246	1.14663
450	12356.52	12750.44	-393.9196	1.14663	-1.471606	0.03375936	1.14663
460	12369.1	12762.6	-393.4976	1.14663	-1.457389	0.03488275	1.14663
470	12384.31	12775.92	-391.6088	1.14663	-1.459463	0.03471661	1.14663
480	12299.18	12693.68	-394.4975	1.14663	-1.464225	0.03433801	1.14663
490	12243.88	12642.37	-398.4919	1.14663	-1.478229	0.0332484	1.14663
500	12320.01	12716.28	-396.2726	1.14663	-1.468934	0.03396765	1.14663
510	12406.86	12800.12	-393.2607	1.14663	-1.458762	0.03477263	1.14663
520	12405.12	12795.65	-390.5288	1.14663	-1.446878	0.03573729	1.14663
530	12388.81	12780.19	-391.3728	1.14663	-1.466339	0.03417125	1.14663
540	12351.47	12744.19	-392.7242	1.14663	-1.443655	0.03600351	1.14663
550	12391.65	12783.38	-391.7342	1.14663	-1.460948	0.03459808	1.14663
560	12383.36	12775.82	-392.4594	1.14663	-1.452263	0.03529694	1.14663
570	12403.47	12794.84	-391.3708	1.14663	-1.453076	0.03523092	1.14663
580	12412.68	12804.08	-391.4011	1.14663	-1.451915	0.03532521	1.14663
590	12407.09	12797.88	-390.7884	1.14663	-1.47697	0.03334495	1.14663
600	12425.66	12814.43	-388.768	1.14663	-1.442421	0.03610594	1.14663
610	12469.25	12855.81	-386.554	1.14663	-1.422141	0.03783201	1.14663
620	12501.3	12888.35	-387.053	1.14663	-1.433799	0.03682992	1.14663
630	12483.67	12870.97	-387.2989	1.14663	-1.439815	0.03632324	1.14663
640	12483.74	12870.59	-386.8513	1.14663	-1.443933	0.03598046	1.14663
650	12466.02	12852.95	-386.9352	1.14663	-1.438919	0.03639831	1.14663
660	12493.55	12881.35	-387.8008	1.14663	-1.450248	0.03546106	1.14663
670	12474.84	12865.48	-390.6442	1.14663	-1.45813	0.03482327	1.14663
680	12469.52	12861.98	-392.4551	1.14663	-1.464368	0.03432668	1.14663
690	12513.18	12903	-389.8226	1.14663	-1.482332	0.0329358	1.14663
700	12545.94	12935.94	-390.0026	1.14663	-1.473174	0.03363766	1.14663
710	12544.86	12934.81	-389.9474	1.14663	-1.460198	0.03465787	1.14663
720	12553.65	12941.76	-388.1121	1.14663	-1.432995	0.0368982	1.14663
730	12532.65	12923.02	-390.371	1.14663	-1.441843	0.03615408	1.14663
740	12610.65	12999.79	-389.1411	1.14663	-1.454985	0.03507637	1.14663
750	12569.34	12960.79	-391.4554	1.14663	-1.463571	0.03438978	1.14663
760	12522.25	12912.97	-390.7288	1.14663	-1.482023	0.03295921	1.14663
770	12500.55	12892.19	-391.6397	1.14663	-1.454723	0.03509758	1.14663
780	12518.12	12908.45	-390.3284	1.14663	-1.46031	0.03464893	1.14663
790	12443.79	12839.5	-395.7096	1.14663	-1.47945	0.03315509	1.14663
800	12410.29	12806.19	-395.9011	1.14663	-1.50368	0.03135592	1.14663
810	12460.41	12853.51	-393.0986	1.14663	-1.497236	0.03182466	1.14663
820	12539.01	12931.75	-392.742	1.14663	-1.474955	0.03350003	1.14663
830	12531.2	12923.92	-392.7208	1.14663	-1.485204	0.03271873	1.14663
840	12560.81	12953.16	-392.3528	1.14663	-1.459891	0.03468242	1.14663
850	12508.23	12902.38	-394.1537	1.14663	-1.469787	0.03390102	1.14663
860	12411.36	12806.81	-395.4459	1.14663	-1.490835	0.03229721	1.14663
870	12462.17	12854.68	-392.5023	1.14663	-1.454514	0.03511448	1.14663
880	12443.27	12835.2	-391.937	1.14663	-1.475263	0.03347625	1.14663
890	12449.16	12842.12	-392.9532	1.14663	-1.444533	0.0359308	1.14663
900	12434.73	12825.95	-391.22	1.14663	-1.451558	0.03535426	1.14663
910	12413.4	12805.28	-391.8822	1.14663	-1.467638	0.0340692	1.14663
920	12442.83	12832.76	-389.93	1.14663	-1.43021	0.03713554	1.14663
930	12429.41	12819.41	-389.9913	1.14663	-1.430301	0.03712779	1.14663
940	12421.3	12810.19	-388.8886	1.14663	-1.431505	0.03702496	1.14663
950	12399.08	12789.83	-390.7434	1.14663	-1.447633	0.03567522	1.14663
960	12360.71	12750.43	-389.7198	1.14663	-1.410884	0.03882543	1.14663
970	12438.62	12826.83	-388.2121	1.14663	-1.414169	0.0385328	1.14663
980	12482.41	12870.44	-388.0355	1.14663	-1.425951	0.0375015	1.14663
990	12501.61	12889.89	-388.2804	1.14663	-1.414155	0.03853406	1.14663
1000	12507.87	12895.91	-388.042	1.14663	-1.411288	0.0387893	1.14663
