Iteration	Posterior	Likelihood	Prior	diversification	logSigma	sigma	speciation
0	-1000.852	-588.2835	-412.5687	1.14663	-0.1601343	0.691617	1.14663
10	4325.617	4738.08	-412.4627	1.14663	-0.679816	0.2090181	1.14663
20	4914.549	5329.245	-414.6954	1.14663	-0.7392146	0.1822995	1.14663
30	-7390.543	-6974.301	-416.2417	1.14663	0.3729956	2.360454	1.14663
40	-6827.261	-6407.654	-419.6074	1.14663	0.3198114	2.088389	1.14663
50	-11000.39	-10583.84	-416.5577	1.14663	0.6958871	4.964632	1.14663
60	-4619.977	-4200.86	-419.1173	1.14663	0.1543669	1.426812	1.14663
70	-6228.165	-5809.504	-418.6609	1.14663	0.2904253	1.951755	1.14663
80	2916.635	3335.524	-418.8894	1.14663	-0.543985	0.2857689	1.14663
90	-834587.7	-834165.2	-422.4939	1.14663	-2.041657	0.00908538	1.14663
100	-10188.48	-9767.739	-420.7374	1.14663	0.6210372	4.178661	1.14663
110	-11535.07	-11121.62	-413.4482	1.14663	-1.065013	0.08609674	1.14663
120	-14237	-13823.78	-413.2156	1.14663	1.016192	10.37987	1.14663
130	-4821.668	-4409.182	-412.4863	1.14663	0.1790569	1.510278	1.14663
140	-1528.713	-1115.06	-413.6534	1.14663	-0.1121958	0.7723323	1.14663
150	-2630.059	-2215.898	-414.1604	1.14663	-0.01126811	0.9743879	1.14663
160	-517.555	-105.2136	-412.3414	1.14663	-0.1991099	0.6322519	1.14663
170	-16481.72	-16066.72	-415.001	1.14663	1.178155	15.07144	1.14663
180	4991.575	5402.318	-410.7427	1.14663	-0.7985829	0.1590073	1.14663
190	-2413.54	-2002.77	-410.7702	1.14663	-0.03146558	0.9301102	1.14663
200	-13629.94	-13219.23	-410.7065	1.14663	0.9535746	8.98617	1.14663
210	-14391.32	-13980.27	-411.0565	1.14663	1.018438	10.4337	1.14663
220	402.0709	811.8344	-409.7636	1.14663	-0.2844356	0.5194747	1.14663
230	-7948.815	-7538.511	-410.3043	1.14663	0.4570391	2.864436	1.14663
240	5812.509	6226.317	-413.808	1.14663	-0.8673745	0.1357143	1.14663
250	-37701.13	-37288.41	-412.7258	1.14663	-1.605395	0.02480873	1.14663
260	-6589.62	-6177.774	-411.8466	1.14663	0.3390283	2.182872	1.14663
270	-8428.486	-8017.386	-411.0996	1.14663	0.5065365	3.210233	1.14663
280	-17796.22	-17381.35	-414.864	1.14663	1.308749	20.35863	1.14663
290	-2723.451	-2309.235	-414.2159	1.14663	-0.01746784	0.9605769	1.14663
300	-23598.3	-23182.84	-415.4549	1.14663	1.818458	65.83518	1.14663
310	-6784.847	-6374.647	-410.2004	1.14663	0.3878131	2.442379	1.14663
320	-9263.243	-8849.765	-413.4783	1.14663	0.5745229	3.754248	1.14663
330	-10412	-9997.567	-414.4329	1.14663	0.6715562	4.694142	1.14663
340	-6237.953	-5824.532	-413.4214	1.14663	0.2962522	1.978118	1.14663
350	-932.9634	-521.3799	-411.5834	1.14663	-0.1548325	0.700112	1.14663
360	-849.3744	-434.6456	-414.7288	1.14663	-0.182781	0.6564763	1.14663
370	-6840.864	-6430.327	-410.537	1.14663	0.3763636	2.378831	1.14663
380	-16859.59	-16443.61	-415.9834	1.14663	1.230796	17.01359	1.14663
390	-12755.23	-12341.49	-413.7418	1.14663	0.8716071	7.440585	1.14663
400	-25426.3	-25009.94	-416.3603	1.14663	1.95678	90.52741	1.14663
410	-3194.238	-2781.764	-412.4738	1.14663	0.03876311	1.09336	1.14663
420	-1941.362	-1527.639	-413.7228	1.14663	-0.08621918	0.8199376	1.14663
430	3506.166	3916.182	-410.016	1.14663	-0.6499641	0.2238906	1.14663
440	-38095.08	-37678.37	-416.7037	1.14663	3.073603	1184.686	1.14663
450	-24296.62	-23887.44	-409.178	1.14663	-1.116434	0.07648317	1.14663
460	-11109.28	-10697.04	-412.2439	1.14663	0.7406312	5.503402	1.14663
470	-944.178	-530.3287	-413.8493	1.14663	-1.088229	0.08161519	1.14663
480	-12836.06	-12424.77	-411.2833	1.14663	0.8924757	7.806847	1.14663
490	-8292.274	-7881.625	-410.649	1.14663	0.4830253	3.041062	1.14663
500	-92.98162	315.6459	-408.6275	1.14663	-0.681083	0.2084093	1.14663
510	-15489.46	-15076.16	-413.2963	1.14663	1.11153	12.92796	1.14663
520	-18871	-18458.18	-412.82	1.14663	1.405002	25.40986	1.14663
530	6544.849	6960.786	-415.9364	1.14663	-1.224002	0.05970324	1.14663
540	-1794.114	-1377.1	-417.0137	1.14663	-0.1080874	0.7796733	1.14663
550	2330.991	2749.182	-418.1913	1.14663	-0.4989861	0.3169669	1.14663
560	-12381.46	-11965.01	-416.4481	1.14663	0.8252269	6.686932	1.14663
570	4376.92	4788.165	-411.2445	1.14663	-0.6876812	0.2052669	1.14663
580	-4912.351	-4502.999	-409.3523	1.14663	0.202505	1.594061	1.14663
590	1047.203	1458.946	-411.7434	1.14663	-0.3495677	0.4471284	1.14663
600	2954.061	3368.157	-414.0958	1.14663	-1.103435	0.07880706	1.14663
610	-11782.74	-11369.43	-413.3181	1.14663	0.7910629	6.18106	1.14663
620	2914.509	3329.054	-414.5452	1.14663	-0.6938401	0.2023764	1.14663
630	-4304.495	-3889.288	-415.207	1.14663	0.1233212	1.328376	1.14663
640	-14782.87	-14360.37	-422.505	1.14663	1.00156	10.03598	1.14663
650	4545.91	4966.439	-420.5295	1.14663	-0.8751339	0.133311	1.14663
660	-7280.895	-6861.075	-419.8199	1.14663	0.3603413	2.292668	1.14663
670	-9718.43	-9304.232	-414.1983	1.14663	0.606839	4.044259	1.14663
680	6060.959	6473.655	-412.6962	1.14663	-0.9443662	0.1136668	1.14663
690	2565.152	2983.733	-418.5802	1.14663	-0.5275504	0.2967902	1.14663
700	-42422.91	-42007.67	-415.2412	1.14663	-1.187175	0.06498681	1.14663
710	258.2205	670.9549	-412.7344	1.14663	-0.2794379	0.5254872	1.14663
720	-10117.2	-9702.873	-414.3302	1.14663	0.6301222	4.266996	1.14663
730	-463.9883	-53.50671	-410.4816	1.14663	-1.202685	0.06270678	1.14663
740	-10905.58	-10496.29	-409.2889	1.14663	0.7265763	5.328149	1.14663
750	-17417.68	-17006.19	-411.4822	1.14663	1.284581	19.25665	1.14663
760	-1622.458	-1211.295	-411.1636	1.14663	-0.1081513	0.7795584	1.14663
770	2396.563	2812.02	-415.4563	1.14663	-0.4932407	0.321188	1.14663
780	1465.73	1880.72	-414.9901	1.14663	-0.4052385	0.393334	1.14663
790	3068.295	3483.672	-415.3766	1.14663	-0.5624079	0.2739	1.14663
800	-16810.75	-16392.81	-417.9401	1.14663	1.192871	15.59089	1.14663
810	-12116.78	-11697.74	-419.0382	1.14663	0.7881979	6.140418	1.14663
820	-16432.46	-16018.39	-414.0704	1.14663	1.160393	14.46749	1.14663
830	-3623.37	-3206.417	-416.9533	1.14663	0.03647304	1.08761	1.14663
840	-8870.639	-8458.16	-412.4787	1.14663	0.5427626	3.489495	1.14663
850	1712.711	2127.684	-414.9733	1.14663	-1.008049	0.0981637	1.14663
860	4795.694	5212.126	-416.432	1.14663	-0.9621196	0.109114	1.14663
870	4860.573	5279.733	-419.1599	1.14663	-1.174248	0.06695014	1.14663
880	-3431.508	-3016.413	-415.0943	1.14663	0.04939274	1.120451	1.14663
890	-1101.654	-687.9938	-413.6599	1.14663	-0.149653	0.7085117	1.14663
900	-4965.434	-4550.554	-414.8803	1.14663	0.173759	1.491966	1.14663
910	-5143.494	-4731.565	-411.9292	1.14663	0.2034461	1.597519	1.14663
920	-4187.032	-3774.174	-412.8583	1.14663	0.1291636	1.346368	1.14663
930	-23409.93	-22993.53	-416.3934	1.14663	1.779721	60.21731	1.14663
940	-3198.127	-2783.247	-414.88	1.14663	-1.179146	0.06619942	1.14663
950	-9750.462	-9336.128	-414.3337	1.14663	0.619312	4.162095	1.14663
960	-536.0906	-120.0743	-416.0163	1.14663	-1.334098	0.04633428	1.14663
970	-7720.188	-7305.264	-414.9243	1.14663	0.4297477	2.689972	1.14663
980	-6683.499	-6266.791	-416.7084	1.14663	0.3219744	2.098816	1.14663
990	-2501.816	-2086.449	-415.3669	1.14663	-0.04484917	0.9018843	1.14663
1000	-12515.11	-12101.07	-414.0481	1.14663	0.8271802	6.717075	1.14663
