Iteration	Posterior	Likelihood	Prior	diversification	logSigma	sigma	speciation
0	13360.79	13732.65	-371.8661	1.14663	-1.353318	0.04432841	1.14663
10	13364.78	13736.44	-371.6633	1.14663	-1.338803	0.04583501	1.14663
20	13384.12	13755	-370.8819	1.14663	-1.334151	0.04632861	1.14663
30	13379.57	13750.37	-370.8029	1.14663	-1.333082	0.04644279	1.14663
40	13385.14	13755.88	-370.7327	1.14663	-1.332965	0.0464553	1.14663
50	13386.28	13756.55	-370.2749	1.14663	-1.335912	0.04614109	1.14663
60	13376.21	13747.12	-370.9094	1.14663	-1.329108	0.04686967	1.14663
70	13374.81	13745.69	-370.878	1.14663	-1.332441	0.04651137	1.14663
80	13386.96	13757.06	-370.1007	1.14663	-1.314923	0.04842577	1.14663
90	13391.51	13761.93	-370.4242	1.14663	-1.329623	0.0468141	1.14663
100	13391.01	13761.65	-370.6375	1.14663	-1.329772	0.04679807	1.14663
110	13381.5	13752.65	-371.1539	1.14663	-1.332615	0.04649275	1.14663
120	13372.78	13744.36	-371.5775	1.14663	-1.332699	0.04648373	1.14663
130	13373.76	13745.64	-371.8784	1.14663	-1.342427	0.04545409	1.14663
140	13374.31	13746.13	-371.8247	1.14663	-1.34478	0.04520848	1.14663
150	13368.11	13740.3	-372.1832	1.14663	-1.332785	0.04647455	1.14663
160	13375.85	13747.33	-371.4882	1.14663	-1.338557	0.04586099	1.14663
170	13381.22	13752.98	-371.7567	1.14663	-1.340213	0.04568642	1.14663
180	13366.65	13738.89	-372.2366	1.14663	-1.337802	0.04594069	1.14663
190	13358.74	13731	-372.2583	1.14663	-1.353019	0.04435891	1.14663
200	13364.26	13736.58	-372.3186	1.14663	-1.345516	0.04513192	1.14663
210	13365.17	13737.57	-372.3984	1.14663	-1.343445	0.0453477	1.14663
220	13372.37	13744.75	-372.3799	1.14663	-1.352611	0.04440059	1.14663
230	13366.83	13739.47	-372.6343	1.14663	-1.353332	0.04432699	1.14663
240	13362.66	13735.81	-373.1454	1.14663	-1.359609	0.04369093	1.14663
250	13372.51	13745.68	-373.1679	1.14663	-1.364182	0.04323323	1.14663
260	13360.12	13733.74	-373.623	1.14663	-1.376893	0.04198629	1.14663
270	13370.33	13743.78	-373.4524	1.14663	-1.363959	0.04325544	1.14663
280	13371.67	13744.57	-372.9009	1.14663	-1.363025	0.04334855	1.14663
290	13375.11	13748.16	-373.0477	1.14663	-1.357187	0.04393528	1.14663
300	13372.69	13746.12	-373.4223	1.14663	-1.36197	0.04345405	1.14663
310	13377.26	13750.59	-373.3308	1.14663	-1.355997	0.04405577	1.14663
320	13352.38	13725.89	-373.5103	1.14663	-1.354256	0.04423271	1.14663
330	13350.01	13723.46	-373.4533	1.14663	-1.365309	0.04312124	1.14663
340	13345.39	13719.39	-374.0028	1.14663	-1.384522	0.04125518	1.14663
350	13349.43	13723.54	-374.118	1.14663	-1.368228	0.04283235	1.14663
360	13356.73	13730.75	-374.0261	1.14663	-1.37387	0.04227948	1.14663
370	13347.41	13722.15	-374.7481	1.14663	-1.382725	0.04142622	1.14663
380	13346.81	13722.35	-375.5386	1.14663	-1.381522	0.04154106	1.14663
390	13350.63	13725.79	-375.1612	1.14663	-1.383144	0.04138623	1.14663
400	13333.71	13709.42	-375.7015	1.14663	-1.385417	0.04117018	1.14663
410	13325.22	13701.14	-375.917	1.14663	-1.388532	0.04087594	1.14663
420	13311.83	13688.06	-376.2305	1.14663	-1.395822	0.04019557	1.14663
430	13310	13686.22	-376.2184	1.14663	-1.393205	0.04043846	1.14663
440	13313.44	13689.72	-376.281	1.14663	-1.390807	0.04066239	1.14663
450	13317.96	13694.29	-376.3273	1.14663	-1.397983	0.03999606	1.14663
460	13316.7	13692.69	-375.9909	1.14663	-1.3905	0.04069114	1.14663
470	13324.01	13700.02	-376.0108	1.14663	-1.385323	0.04117913	1.14663
480	13318.32	13694.75	-376.4265	1.14663	-1.391658	0.0405828	1.14663
490	13340.23	13716.51	-376.2728	1.14663	-1.393242	0.04043503	1.14663
500	13336.74	13712.63	-375.8926	1.14663	-1.3861	0.04110546	1.14663
510	13345.66	13721.47	-375.8128	1.14663	-1.384864	0.04122263	1.14663
520	13335.84	13711.72	-375.8812	1.14663	-1.388685	0.04086158	1.14663
530	13339.07	13714.84	-375.7757	1.14663	-1.385859	0.04112837	1.14663
540	13354.97	13730.63	-375.6605	1.14663	-1.39619	0.04016153	1.14663
550	13345.35	13721.49	-376.1433	1.14663	-1.381158	0.04157596	1.14663
560	13331.59	13707.63	-376.0392	1.14663	-1.390388	0.04070163	1.14663
570	13326.66	13703.19	-376.5335	1.14663	-1.395492	0.04022612	1.14663
580	13325.33	13701.74	-376.4134	1.14663	-1.401331	0.03968889	1.14663
590	13312.47	13689.34	-376.8661	1.14663	-1.401151	0.03970535	1.14663
600	13319.66	13696.25	-376.5881	1.14663	-1.399143	0.03988933	1.14663
610	13329.56	13706.05	-376.4968	1.14663	-1.388073	0.04091917	1.14663
620	13322.52	13699.31	-376.7958	1.14663	-1.400033	0.03980766	1.14663
630	13325.04	13700.94	-375.9014	1.14663	-1.399355	0.0398699	1.14663
640	13335.93	13711.93	-376.0035	1.14663	-1.397582	0.04003302	1.14663
650	13336.04	13711.51	-375.4652	1.14663	-1.388096	0.040917	1.14663
660	13321.23	13696.94	-375.7107	1.14663	-1.398831	0.03991802	1.14663
670	13318.24	13693.61	-375.3694	1.14663	-1.388255	0.04090205	1.14663
680	13327.19	13702.4	-375.2109	1.14663	-1.382987	0.0414012	1.14663
690	13323.26	13698.48	-375.2249	1.14663	-1.390032	0.04073503	1.14663
700	13327.63	13703.11	-375.4873	1.14663	-1.387994	0.04092661	1.14663
710	13332.31	13707.11	-374.8012	1.14663	-1.388448	0.04088383	1.14663
720	13318.16	13693.15	-374.9864	1.14663	-1.382698	0.0414288	1.14663
730	13315	13690.63	-375.6214	1.14663	-1.388232	0.04090422	1.14663
740	13326.12	13701.56	-375.4368	1.14663	-1.384768	0.04123181	1.14663
750	13336.78	13711.53	-374.7535	1.14663	-1.372997	0.04236464	1.14663
760	13341.48	13716.09	-374.6122	1.14663	-1.37275	0.04238865	1.14663
770	13343.32	13718.34	-375.0214	1.14663	-1.372329	0.04242979	1.14663
780	13345.95	13720.59	-374.6393	1.14663	-1.369037	0.04275267	1.14663
790	13346.33	13720.55	-374.216	1.14663	-1.363419	0.04330931	1.14663
800	13334.49	13708.94	-374.4549	1.14663	-1.372809	0.04238298	1.14663
810	13339.19	13713.57	-374.3879	1.14663	-1.371223	0.04253796	1.14663
820	13336.69	13710.92	-374.2295	1.14663	-1.3552	0.04413671	1.14663
830	13341.28	13715.45	-374.1675	1.14663	-1.358922	0.04376004	1.14663
840	13332.85	13707.4	-374.5593	1.14663	-1.369145	0.04274201	1.14663
850	13322.73	13697.23	-374.5037	1.14663	-1.375581	0.04211326	1.14663
860	13336.47	13710.2	-373.7341	1.14663	-1.355723	0.0440836	1.14663
870	13347.93	13721.27	-373.3333	1.14663	-1.357339	0.04391986	1.14663
880	13354.6	13727.49	-372.886	1.14663	-1.345329	0.04515135	1.14663
890	13339.98	13713.9	-373.9227	1.14663	-1.366698	0.04298356	1.14663
900	13345.74	13719.87	-374.1287	1.14663	-1.367573	0.04289704	1.14663
910	13343.33	13717.12	-373.7883	1.14663	-1.362556	0.04339544	1.14663
920	13344.58	13718.15	-373.5692	1.14663	-1.36379	0.04327234	1.14663
930	13348.51	13722.92	-374.4045	1.14663	-1.372758	0.04238789	1.14663
940	13351.2	13725.09	-373.8909	1.14663	-1.358246	0.04382825	1.14663
950	13357.96	13731.14	-373.1794	1.14663	-1.354379	0.04422023	1.14663
960	13353.3	13726.91	-373.6033	1.14663	-1.353406	0.04431937	1.14663
970	13333.68	13707.32	-373.6342	1.14663	-1.35747	0.04390662	1.14663
980	13342.8	13716.41	-373.6096	1.14663	-1.361746	0.04347642	1.14663
990	13334	13707.81	-373.8107	1.14663	-1.362475	0.04340357	1.14663
1000	13330.13	13704.44	-374.302	1.14663	-1.36065	0.04358627	1.14663
